mktexpk --mfmode / --bdpi 600 --mag 4+0/600 --dpi 2400 icelandic
mktexpk --mfmode / --bdpi 600 --mag 0+408/600 --dpi 408 jkpmn8r
mktexpk --mfmode / --bdpi 600 --mag 0+408/600 --dpi 408 jkpmne
mktexpk --mfmode / --bdpi 600 --mag 0+480/600 --dpi 480 jkpmn8r
mktexpk --mfmode / --bdpi 600 --mag 0+480/600 --dpi 480 jkpmne
mktexpk --mfmode / --bdpi 600 --mag 0+456/600 --dpi 456 jkpmn8r
mktexpk --mfmode / --bdpi 600 --mag 0+456/600 --dpi 456 jkpmne
mktexpk --mfmode / --bdpi 600 --mag 6+0/600 --dpi 3600 icelandic
mktexpk --mfmode / --bdpi 600 --mag 1+0/600 --dpi 600 jkpmit8r
mktexpk --mfmode / --bdpi 600 --mag 1+0/600 --dpi 600 jkpmite
mktexpk --mfmode / --bdpi 600 --mag 1+0/600 --dpi 600 jkpmnc
mktexpk --mfmode / --bdpi 600 --mag 1+0/600 --dpi 600 jkpmn8r
mktexpk --mfmode / --bdpi 600 --mag 1+437/600 --dpi 1037 jkpbn8r
mktexpk --mfmode / --bdpi 600 --mag 1+437/600 --dpi 1037 jkpbne
mktexpk --mfmode / --bdpi 600 --mag 1+264/600 --dpi 864 jkpbn8r
mktexpk --mfmode / --bdpi 600 --mag 1+264/600 --dpi 864 jkpbne
mktexpk --mfmode / --bdpi 600 --mag 0+480/600 --dpi 480 jkpmsce
mktexpk --mfmode / --bdpi 600 --mag 0+480/600 --dpi 480 jkpmsc8r
mktexpk --mfmode / --bdpi 600 --mag 5+0/600 --dpi 3000 icelandic
mktexpk --mfmode / --bdpi 600 --mag 1+264/600 --dpi 864 jkpmne
mktexpk --mfmode / --bdpi 600 --mag 1+264/600 --dpi 864 jkpmn8r
mktexpk --mfmode / --bdpi 600 --mag 0+540/600 --dpi 540 jkpmne
mktexpk --mfmode / --bdpi 600 --mag 0+540/600 --dpi 540 jkpmn8r
mktexpk --mfmode / --bdpi 600 --mag 2+293/600 --dpi 1493 jkpmne
mktexpk --mfmode / --bdpi 600 --mag 2+293/600 --dpi 1493 jkpmn8r
mktexpk --mfmode / --bdpi 600 --mag 1+0/600 --dpi 600 jkpmsce
mktexpk --mfmode / --bdpi 600 --mag 1+0/600 --dpi 600 jkpmsc8r
mktexpk --mfmode / --bdpi 600 --mag 1+0/600 --dpi 600 jkpbn8r
mktexpk --mfmode / --bdpi 600 --mag 1+0/600 --dpi 600 jkpbne
mktexpk --mfmode / --bdpi 600 --mag 1+0/600 --dpi 600 jkpmne
mktexpk --mfmode / --bdpi 600 --mag 4+0/600 --dpi 2400 icelandic
mktexpk --mfmode / --bdpi 600 --mag 0+408/600 --dpi 408 jkpmn8r
mktexpk --mfmode / --bdpi 600 --mag 0+408/600 --dpi 408 jkpmne
mktexpk --mfmode / --bdpi 600 --mag 0+480/600 --dpi 480 jkpmn8r
mktexpk --mfmode / --bdpi 600 --mag 0+480/600 --dpi 480 jkpmne
mktexpk --mfmode / --bdpi 600 --mag 0+456/600 --dpi 456 jkpmn8r
mktexpk --mfmode / --bdpi 600 --mag 0+456/600 --dpi 456 jkpmne
mktexpk --mfmode / --bdpi 600 --mag 6+0/600 --dpi 3600 icelandic
mktexpk --mfmode / --bdpi 600 --mag 1+0/600 --dpi 600 jkpmit8r
mktexpk --mfmode / --bdpi 600 --mag 1+0/600 --dpi 600 jkpmite
mktexpk --mfmode / --bdpi 600 --mag 1+0/600 --dpi 600 jkpmnc
mktexpk --mfmode / --bdpi 600 --mag 1+0/600 --dpi 600 jkpmn8r
mktexpk --mfmode / --bdpi 600 --mag 1+437/600 --dpi 1037 jkpbn8r
mktexpk --mfmode / --bdpi 600 --mag 1+437/600 --dpi 1037 jkpbne
mktexpk --mfmode / --bdpi 600 --mag 1+264/600 --dpi 864 jkpbn8r
mktexpk --mfmode / --bdpi 600 --mag 1+264/600 --dpi 864 jkpbne
mktexpk --mfmode / --bdpi 600 --mag 0+480/600 --dpi 480 jkpmsce
mktexpk --mfmode / --bdpi 600 --mag 0+480/600 --dpi 480 jkpmsc8r
mktexpk --mfmode / --bdpi 600 --mag 5+0/600 --dpi 3000 icelandic
mktexpk --mfmode / --bdpi 600 --mag 1+264/600 --dpi 864 jkpmne
mktexpk --mfmode / --bdpi 600 --mag 1+264/600 --dpi 864 jkpmn8r
mktexpk --mfmode / --bdpi 600 --mag 0+540/600 --dpi 540 jkpmne
mktexpk --mfmode / --bdpi 600 --mag 0+540/600 --dpi 540 jkpmn8r
mktexpk --mfmode / --bdpi 600 --mag 2+293/600 --dpi 1493 jkpmne
mktexpk --mfmode / --bdpi 600 --mag 2+293/600 --dpi 1493 jkpmn8r
mktexpk --mfmode / --bdpi 600 --mag 1+0/600 --dpi 600 jkpmsce
mktexpk --mfmode / --bdpi 600 --mag 1+0/600 --dpi 600 jkpmsc8r
mktexpk --mfmode / --bdpi 600 --mag 1+0/600 --dpi 600 jkpbn8r
mktexpk --mfmode / --bdpi 600 --mag 1+0/600 --dpi 600 jkpbne
mktexpk --mfmode / --bdpi 600 --mag 1+0/600 --dpi 600 jkpmne
