\BOOKMARK [0][-]{chapter*.2}{\376\377\000I\000n\000t\000r\000o\000d\000u\000c\000t\000i\000o\000n}{}% 1
\BOOKMARK [0][-]{chapter*.3}{\376\377\000P\000r\000e\000f\000a\000c\000e\000\040\000W\000o\000r\000k\000s}{}% 2
\BOOKMARK [1][-]{section*.4}{\376\377\000A\000u\000t\000h\000o\000r\000'\000s\000\040\000N\000o\000t\000e}{chapter*.3}% 3
\BOOKMARK [1][-]{section*.5}{\376\377\000T\000h\000e\000\040\000P\000r\000o\000l\000o\000g\000u\000e\000\040\000o\000n\000\040\000E\000a\000r\000t\000h}{chapter*.3}% 4
\BOOKMARK [0][-]{chapter*.6}{\376\377\000V\000i\000t\000a}{}% 5
\BOOKMARK [1][-]{section*.7}{\376\377\000O\000n\000e}{chapter*.6}% 6
\BOOKMARK [1][-]{section*.8}{\376\377\000T\000w\000o}{chapter*.6}% 7
\BOOKMARK [1][-]{section*.9}{\376\377\000T\000h\000r\000e\000e}{chapter*.6}% 8
\BOOKMARK [1][-]{section*.10}{\376\377\000F\000o\000u\000r}{chapter*.6}% 9
\BOOKMARK [1][-]{section*.11}{\376\377\000F\000i\000v\000e}{chapter*.6}% 10
\BOOKMARK [1][-]{section*.12}{\376\377\000S\000i\000x}{chapter*.6}% 11
\BOOKMARK [1][-]{section*.13}{\376\377\000S\000e\000v\000e\000n}{chapter*.6}% 12
\BOOKMARK [0][-]{chapter*.14}{\376\377\000L\000u\000c\000r\000u\000m}{}% 13
\BOOKMARK [1][-]{section*.15}{\376\377\000O\000n\000e}{chapter*.14}% 14
\BOOKMARK [1][-]{section*.16}{\376\377\000T\000h\000r\000e\000e}{chapter*.14}% 15
\BOOKMARK [1][-]{section*.17}{\376\377\000F\000o\000u\000r}{chapter*.14}% 16
\BOOKMARK [1][-]{section*.18}{\376\377\000F\000i\000v\000e}{chapter*.14}% 17
\BOOKMARK [1][-]{section*.19}{\376\377\000S\000i\000x}{chapter*.14}% 18
\BOOKMARK [1][-]{section*.20}{\376\377\000S\000e\000v\000e\000n}{chapter*.14}% 19
\BOOKMARK [1][-]{section*.21}{\376\377\000E\000i\000g\000h\000t}{chapter*.14}% 20
\BOOKMARK [0][-]{chapter*.22}{\376\377\000F\000r\000a\000t\000r\000e\000s}{}% 21
\BOOKMARK [1][-]{section*.23}{\376\377\000T\000w\000o}{chapter*.22}% 22
\BOOKMARK [1][-]{section*.24}{\376\377\000T\000h\000r\000e\000e}{chapter*.22}% 23
\BOOKMARK [1][-]{section*.25}{\376\377\000F\000o\000u\000r}{chapter*.22}% 24
\BOOKMARK [1][-]{section*.26}{\376\377\000F\000i\000v\000e}{chapter*.22}% 25
\BOOKMARK [1][-]{section*.27}{\376\377\000S\000i\000x}{chapter*.22}% 26
\BOOKMARK [1][-]{section*.28}{\376\377\000S\000e\000v\000e\000n}{chapter*.22}% 27
\BOOKMARK [1][-]{section*.29}{\376\377\000E\000i\000g\000h\000t}{chapter*.22}% 28
\BOOKMARK [1][-]{section*.30}{\376\377\000N\000i\000n\000e}{chapter*.22}% 29
\BOOKMARK [1][-]{section*.31}{\376\377\000T\000e\000n}{chapter*.22}% 30
\BOOKMARK [0][-]{chapter*.32}{\376\377\000B\000i\000b\000l\000i\000o\000g\000r\000a\000p\000h\000y}{}% 31
