This is pdfTeX, Version 3.141592653-2.6-1.40.27 (TeX Live 2026/dev/Arch Linux) (preloaded format=pdflatex 2025.3.31)  23 JUL 2025 09:08
entering extended mode
 restricted \write18 enabled.
 %&-line parsing enabled.
**aegypt.tex
(./aegypt.tex
LaTeX2e <2024-11-01> patch level 2
L3 programming layer <2025-01-18>
(/usr/share/texmf-dist/tex/latex/extsizes/extreport.cls
Document Class: extreport 1996/10/08 v1.0 Non Standard LaTeX document class
(/usr/share/texmf-dist/tex/latex/base/size12.clo
File: size12.clo 2024/06/29 v1.4n Standard LaTeX file (size option)
)
(/usr/share/texmf-dist/tex/latex/base/exscale.sty
Package: exscale 2018/09/24 v2.1i Standard LaTeX package exscale
LaTeX Font Info:    Redeclaring symbol font `largesymbols' on input line 57.
LaTeX Font Info:    Overwriting symbol font `largesymbols' in version `normal'
(Font)                  OMX/cmex/m/n --> OMX/cmex/m/n on input line 57.
LaTeX Font Info:    Overwriting symbol font `largesymbols' in version `bold'
(Font)                  OMX/cmex/m/n --> OMX/cmex/m/n on input line 57.
\big@size=\dimen141
)
\c@part=\count196
\c@chapter=\count197
\c@section=\count198
\c@subsection=\count199
\c@subsubsection=\count266
\c@paragraph=\count267
\c@subparagraph=\count268
\c@figure=\count269
\c@table=\count270
\abovecaptionskip=\skip49
\belowcaptionskip=\skip50
\bibindent=\dimen142
)
(/usr/share/texmf-dist/tex/latex/base/inputenc.sty
Package: inputenc 2024/02/08 v1.3d Input encoding file
\inpenc@prehook=\toks17
\inpenc@posthook=\toks18
)
(/usr/share/texmf-dist/tex/latex/base/fontenc.sty
Package: fontenc 2021/04/29 v2.0v Standard LaTeX package
)
(/usr/share/texmf-dist/tex/latex/float/float.sty
Package: float 2001/11/08 v1.3d Float enhancements (AL)
\c@float@type=\count271
\float@exts=\toks19
\float@box=\box52
\@float@everytoks=\toks20
\@floatcapt=\box53
)
(/usr/share/texmf-dist/tex/latex/savesym/savesym.sty
Package: savesym 2013/09/02 v1.2 Saves and restores symbols (JG)
)
(/usr/share/texmf-dist/tex/latex/shadowtext/shadowtext.sty
Package: shadowtext 2012/05/07 v0.3 Shadow Text

(/usr/share/texmf-dist/tex/latex/graphics/color.sty
Package: color 2024/06/23 v1.3e Standard LaTeX Color (DPC)

(/usr/share/texmf-dist/tex/latex/graphics-cfg/color.cfg
File: color.cfg 2016/01/02 v1.6 sample color configuration
)
Package color Info: Driver file: pdftex.def on input line 149.

(/usr/share/texmf-dist/tex/latex/graphics-def/pdftex.def
File: pdftex.def 2024/04/13 v1.2c Graphics/color driver for pdftex
)
(/usr/share/texmf-dist/tex/latex/graphics/mathcolor.ltx))
\st@shadowoffsetx=\skip51
\st@shadowoffsety=\skip52
\st@temp@width=\skip53
\st@temp@height=\skip54
\st@pic@width=\skip55
\st@pic@height=\skip56
)
(/usr/share/texmf-dist/tex/latex/anyfontsize/anyfontsize.sty
Package: anyfontsize 2007/11/22 anyfontsize.sty by pts
)
(/usr/share/texmf-dist/tex/latex/bookhands/egothic.sty
Package: egothic 2002/12/30 v1.0 package for Early Gothic fonts
)
(/usr/share/texmf-dist/tex/latex/marvosym/marvosym.sty
Package: marvosym 2011/07/20 v2.2 Martin Vogel's Symbols font definitions
)
(/usr/share/texmf-dist/tex/latex/base/fontenc.sty
Package: fontenc 2021/04/29 v2.0v Standard LaTeX package
)
(/usr/share/texmf-dist/tex/latex/accanthis/accanthis.sty
Package: accanthis 2022/10/22 (Bob Tennent) Supports Accanthis No. 3 fonts for 
all LaTeX engines. 

(/usr/share/texmf-dist/tex/generic/iftex/ifxetex.sty
Package: ifxetex 2019/10/25 v0.7 ifxetex legacy package. Use iftex instead.

(/usr/share/texmf-dist/tex/generic/iftex/iftex.sty
Package: iftex 2024/12/12 v1.0g TeX engine tests
))
(/usr/share/texmf-dist/tex/generic/iftex/ifluatex.sty
Package: ifluatex 2019/10/25 v1.5 ifluatex legacy package. Use iftex instead.
)
(/usr/share/texmf-dist/tex/latex/base/textcomp.sty
Package: textcomp 2024/04/24 v2.1b Standard LaTeX package
)
(/usr/share/texmf-dist/tex/latex/xkeyval/xkeyval.sty
Package: xkeyval 2022/06/16 v2.9 package option processing (HA)

(/usr/share/texmf-dist/tex/generic/xkeyval/xkeyval.tex
(/usr/share/texmf-dist/tex/generic/xkeyval/xkvutils.tex
\XKV@toks=\toks21
\XKV@tempa@toks=\toks22

(/usr/share/texmf-dist/tex/generic/xkeyval/keyval.tex))
\XKV@depth=\count272
File: xkeyval.tex 2014/12/03 v2.7a key=value parser (HA)
))
(/usr/share/texmf-dist/tex/latex/base/fontenc.sty
Package: fontenc 2021/04/29 v2.0v Standard LaTeX package
)
(/usr/share/texmf-dist/tex/latex/fontaxes/fontaxes.sty
Package: fontaxes 2020/07/21 v1.0e Font selection axes
LaTeX Info: Redefining \upshape on input line 29.
LaTeX Info: Redefining \itshape on input line 31.
LaTeX Info: Redefining \slshape on input line 33.
LaTeX Info: Redefining \swshape on input line 35.
LaTeX Info: Redefining \scshape on input line 37.
LaTeX Info: Redefining \sscshape on input line 39.
LaTeX Info: Redefining \ulcshape on input line 41.
LaTeX Info: Redefining \textsw on input line 47.
LaTeX Info: Redefining \textssc on input line 48.
LaTeX Info: Redefining \textulc on input line 49.
))
(/usr/share/texmf-dist/tex/latex/tocloft/tocloft.sty
Package: tocloft 2017/08/31 v2.3i parameterised ToC, etc., typesetting
Package tocloft Info: The document has chapter divisions on input line 51.
\cftparskip=\skip57
\cftbeforetoctitleskip=\skip58
\cftaftertoctitleskip=\skip59
\cftbeforepartskip=\skip60
\cftpartnumwidth=\skip61
\cftpartindent=\skip62
\cftbeforechapskip=\skip63
\cftchapindent=\skip64
\cftchapnumwidth=\skip65
\cftbeforesecskip=\skip66
\cftsecindent=\skip67
\cftsecnumwidth=\skip68
\cftbeforesubsecskip=\skip69
\cftsubsecindent=\skip70
\cftsubsecnumwidth=\skip71
\cftbeforesubsubsecskip=\skip72
\cftsubsubsecindent=\skip73
\cftsubsubsecnumwidth=\skip74
\cftbeforeparaskip=\skip75
\cftparaindent=\skip76
\cftparanumwidth=\skip77
\cftbeforesubparaskip=\skip78
\cftsubparaindent=\skip79
\cftsubparanumwidth=\skip80
\cftbeforeloftitleskip=\skip81
\cftafterloftitleskip=\skip82
\cftbeforefigskip=\skip83
\cftfigindent=\skip84
\cftfignumwidth=\skip85
\c@lofdepth=\count273
\c@lotdepth=\count274
\cftbeforelottitleskip=\skip86
\cftafterlottitleskip=\skip87
\cftbeforetabskip=\skip88
\cfttabindent=\skip89
\cfttabnumwidth=\skip90
)
(/usr/share/texmf-dist/tex/latex/titlesec/titlesec.sty
Package: titlesec 2025/01/04 v2.17 Sectioning titles
\ttl@box=\box54
\beforetitleunit=\skip91
\aftertitleunit=\skip92
\ttl@plus=\dimen143
\ttl@minus=\dimen144
\ttl@toksa=\toks23
\titlewidth=\dimen145
\titlewidthlast=\dimen146
\titlewidthfirst=\dimen147
)
(/usr/share/texmf-dist/tex/latex/base/makeidx.sty
Package: makeidx 2021/10/04 v1.0m Standard LaTeX package
)
(/usr/share/texmf-dist/tex/latex/boisik/boisik.sty
Package: boisik 2009/08/21 bsk-v0.5

(/usr/share/texmf-dist/tex/latex/boisik/lbmenc.def
File: lbmenc.def 2009/08/21 v0.5 Boisik encoding for second math symbol font
Now handling font encoding LBM ...
... no UTF-8 mapping file for font encoding LBM
)
(/usr/share/texmf-dist/tex/latex/boisik/lbsenc.def
File: lbsenc.def 2009/08/21 v0.5 Boisik encoding for math symbol font
Now handling font encoding LBS ...
... no UTF-8 mapping file for font encoding LBS
)
(/usr/share/texmf-dist/tex/latex/boisik/lblenc.def
File: lblenc.def 2009/08/21 v0.5 Boisik encoding similar to OML
Now handling font encoding LBL ...
... no UTF-8 mapping file for font encoding LBL
)
LaTeX Font Info:    Redeclaring symbol font `operators' on input line 30.
LaTeX Font Info:    Overwriting symbol font `operators' in version `normal'
(Font)                  OT1/cmr/m/n --> OT1/bskf/m/n on input line 30.
LaTeX Font Info:    Overwriting symbol font `operators' in version `bold'
(Font)                  OT1/cmr/bx/n --> OT1/bskf/m/n on input line 30.
LaTeX Font Info:    Redeclaring symbol font `letters' on input line 31.
LaTeX Font Info:    Encoding `OML' has changed to `LBL' for symbol font
(Font)              `letters' in the math version `normal' on input line 31.
LaTeX Font Info:    Overwriting symbol font `letters' in version `normal'
(Font)                  OML/cmm/m/it --> LBL/bskm/m/it on input line 31.
LaTeX Font Info:    Encoding `OML' has changed to `LBL' for symbol font
(Font)              `letters' in the math version `bold' on input line 31.
LaTeX Font Info:    Overwriting symbol font `letters' in version `bold'
(Font)                  OML/cmm/b/it --> LBL/bskm/m/it on input line 31.
LaTeX Font Info:    Redeclaring symbol font `symbols' on input line 32.
LaTeX Font Info:    Encoding `OMS' has changed to `LBS' for symbol font
(Font)              `symbols' in the math version `normal' on input line 32.
LaTeX Font Info:    Overwriting symbol font `symbols' in version `normal'
(Font)                  OMS/cmsy/m/n --> LBS/bsksy/m/n on input line 32.
LaTeX Font Info:    Encoding `OMS' has changed to `LBS' for symbol font
(Font)              `symbols' in the math version `bold' on input line 32.
LaTeX Font Info:    Overwriting symbol font `symbols' in version `bold'
(Font)                  OMS/cmsy/b/n --> LBS/bsksy/m/n on input line 32.
LaTeX Font Info:    Redeclaring symbol font `largesymbols' on input line 33.
LaTeX Font Info:    Encoding `OMX' has changed to `U' for symbol font
(Font)              `largesymbols' in the math version `normal' on input line 3
3.
LaTeX Font Info:    Overwriting symbol font `largesymbols' in version `normal'
(Font)                  OMX/cmex/m/n --> U/bskex/m/n on input line 33.
LaTeX Font Info:    Encoding `OMX' has changed to `U' for symbol font
(Font)              `largesymbols' in the math version `bold' on input line 33.

LaTeX Font Info:    Overwriting symbol font `largesymbols' in version `bold'
(Font)                  OMX/cmex/m/n --> U/bskex/m/n on input line 33.
\symbsksymbols=\mathgroup4
\symbskadd=\mathgroup5
LaTeX Font Info:    Redeclaring math alphabet \mathsf on input line 43.
LaTeX Font Info:    Redeclaring math alphabet \mathbf on input line 44.
LaTeX Font Info:    Overwriting math alphabet `\mathbf' in version `normal'
(Font)                  OT1/cmr/bx/n --> OT1/bsk/b/n on input line 44.
LaTeX Font Info:    Overwriting math alphabet `\mathbf' in version `bold'
(Font)                  OT1/cmr/bx/n --> OT1/bsk/b/n on input line 44.
LaTeX Font Info:    Redeclaring math alphabet \mathit on input line 45.
LaTeX Font Info:    Overwriting math alphabet `\mathit' in version `normal'
(Font)                  OT1/cmr/m/it --> OT1/bsk/m/it on input line 45.
LaTeX Font Info:    Overwriting math alphabet `\mathit' in version `bold'
(Font)                  OT1/cmr/bx/it --> OT1/bsk/m/it on input line 45.
LaTeX Font Info:    Redeclaring math symbol \cdot on input line 66.
LaTeX Font Info:    Redeclaring math symbol \times on input line 67.
LaTeX Font Info:    Redeclaring math symbol \ast on input line 68.
LaTeX Font Info:    Redeclaring math symbol \div on input line 70.
LaTeX Font Info:    Redeclaring math symbol \diamond on input line 71.
LaTeX Font Info:    Redeclaring math symbol \pm on input line 72.
LaTeX Font Info:    Redeclaring math symbol \oplus on input line 74.
LaTeX Font Info:    Redeclaring math symbol \ominus on input line 75.
LaTeX Font Info:    Redeclaring math symbol \otimes on input line 76.
LaTeX Font Info:    Redeclaring math symbol \cup on input line 77.
LaTeX Font Info:    Redeclaring math symbol \cap on input line 78.
LaTeX Font Info:    Redeclaring math symbol \uplus on input line 79.
LaTeX Font Info:    Redeclaring math symbol \wedge on input line 80.
LaTeX Font Info:    Redeclaring math symbol \vee on input line 81.
LaTeX Font Info:    Redeclaring math symbol \leftharpoonup on input line 82.
LaTeX Font Info:    Redeclaring math symbol \leftharpoondown on input line 83.
LaTeX Font Info:    Redeclaring math symbol \rightharpoonup on input line 84.
LaTeX Font Info:    Redeclaring math symbol \rightharpoondown on input line 85.

LaTeX Font Info:    Redeclaring math symbol \lhook on input line 121.
LaTeX Font Info:    Redeclaring math symbol \rhook on input line 122.
LaTeX Font Info:    Redeclaring math symbol \mp on input line 198.
LaTeX Font Info:    Redeclaring math symbol \mathsection on input line 319.
LaTeX Font Info:    Redeclaring math symbol \dagger on input line 320.
LaTeX Font Info:    Redeclaring math symbol \ddagger on input line 321.
LaTeX Font Info:    Redeclaring math symbol \mathparagraph on input line 322.
LaTeX Font Info:    Redeclaring math symbol \clubsuit on input line 323.
LaTeX Font Info:    Redeclaring math symbol \diamondsuit on input line 324.
LaTeX Font Info:    Redeclaring math symbol \heartsuit on input line 325.
LaTeX Font Info:    Redeclaring math symbol \spadesuit on input line 326.
LaTeX Font Info:    Redeclaring math symbol \star on input line 327.
LaTeX Font Info:    Redeclaring math symbol \flat on input line 328.
LaTeX Font Info:    Redeclaring math symbol \natural on input line 329.
LaTeX Font Info:    Redeclaring math symbol \sharp on input line 330.
LaTeX Font Info:    Redeclaring math symbol \smile on input line 331.
LaTeX Font Info:    Redeclaring math symbol \frown on input line 332.
LaTeX Font Info:    Redeclaring math symbol \triangleright on input line 333.
LaTeX Font Info:    Redeclaring math symbol \triangleleft on input line 334.
LaTeX Font Info:    Redeclaring math symbol \oslash on input line 365.
LaTeX Font Info:    Redeclaring math symbol \DashV on input line 433.
LaTeX Font Info:    Redeclaring math symbol \alpha on input line 471.
LaTeX Font Info:    Redeclaring math symbol \beta on input line 472.
LaTeX Font Info:    Redeclaring math symbol \gamma on input line 473.
LaTeX Font Info:    Redeclaring math symbol \delta on input line 474.
LaTeX Font Info:    Redeclaring math symbol \epsilon on input line 475.
LaTeX Font Info:    Redeclaring math symbol \zeta on input line 476.
LaTeX Font Info:    Redeclaring math symbol \eta on input line 477.
LaTeX Font Info:    Redeclaring math symbol \theta on input line 478.
LaTeX Font Info:    Redeclaring math symbol \iota on input line 479.
LaTeX Font Info:    Redeclaring math symbol \kappa on input line 480.
LaTeX Font Info:    Redeclaring math symbol \lambda on input line 481.
LaTeX Font Info:    Redeclaring math symbol \mu on input line 482.
LaTeX Font Info:    Redeclaring math symbol \nu on input line 483.
LaTeX Font Info:    Redeclaring math symbol \xi on input line 484.
LaTeX Font Info:    Redeclaring math symbol \pi on input line 485.
LaTeX Font Info:    Redeclaring math symbol \rho on input line 486.
LaTeX Font Info:    Redeclaring math symbol \sigma on input line 487.
LaTeX Font Info:    Redeclaring math symbol \tau on input line 488.
LaTeX Font Info:    Redeclaring math symbol \upsilon on input line 489.
LaTeX Font Info:    Redeclaring math symbol \phi on input line 490.
LaTeX Font Info:    Redeclaring math symbol \chi on input line 491.
LaTeX Font Info:    Redeclaring math symbol \psi on input line 492.
LaTeX Font Info:    Redeclaring math symbol \omega on input line 493.
LaTeX Font Info:    Redeclaring math symbol \varepsilon on input line 494.
LaTeX Font Info:    Redeclaring math symbol \vartheta on input line 495.
LaTeX Font Info:    Redeclaring math symbol \varpi on input line 496.
LaTeX Font Info:    Redeclaring math symbol \varrho on input line 497.
LaTeX Font Info:    Redeclaring math symbol \varsigma on input line 498.
LaTeX Font Info:    Redeclaring math symbol \varphi on input line 499.
LaTeX Font Info:    Redeclaring math symbol \imath on input line 514.
LaTeX Font Info:    Redeclaring math symbol \jmath on input line 515.
LaTeX Font Info:    Redeclaring math symbol \wp on input line 519.
LaTeX Font Info:    Redeclaring math accent \vec on input line 520.
LaTeX Font Info:    Redeclaring math symbol \hbar on input line 523.
)
(/usr/share/texmf-dist/tex/latex/graphics/graphics.sty
Package: graphics 2024/08/06 v1.4g Standard LaTeX Graphics (DPC,SPQR)

(/usr/share/texmf-dist/tex/latex/graphics/trig.sty
Package: trig 2023/12/02 v1.11 sin cos tan (DPC)
)
(/usr/share/texmf-dist/tex/latex/graphics-cfg/graphics.cfg
File: graphics.cfg 2016/06/04 v1.11 sample graphics configuration
)
Package graphics Info: Driver file: pdftex.def on input line 106.
)
(/usr/share/texmf-dist/tex/latex/graphics/graphicx.sty
Package: graphicx 2021/09/16 v1.2d Enhanced LaTeX Graphics (DPC,SPQR)
\Gin@req@height=\dimen148
\Gin@req@width=\dimen149
)
(/usr/share/texmf-dist/tex/latex/tools/array.sty
Package: array 2024/10/17 v2.6g Tabular extension package (FMi)
\col@sep=\dimen150
\ar@mcellbox=\box55
\extrarowheight=\dimen151
\NC@list=\toks24
\extratabsurround=\skip93
\backup@length=\skip94
\ar@cellbox=\box56
)
(/usr/share/texmf-dist/tex/latex/multirow/multirow.sty
Package: multirow 2024/11/12 v2.9 Span multiple rows of a table
\multirow@colwidth=\skip95
\multirow@cntb=\count275
\multirow@dima=\skip96
\bigstrutjot=\dimen152
)
(/usr/share/texmf-dist/tex/latex/gensymb/gensymb.sty
Package: gensymb 2022/10/17 v1.0.2 (KJH)
)
(/usr/share/texmf-dist/tex/latex/ccicons/ccicons.sty
Package: ccicons 2017/10/30 v1.6 LaTeX support for Creative Commons icons
)
(/usr/share/texmf-dist/tex/latex/lettrine/lettrine.sty
File: lettrine.sty 2025-01-30 v2.80 (Daniel Flipo)

(/usr/share/texmf-dist/tex/latex/l3packages/xfp/xfp.sty
(/usr/share/texmf-dist/tex/latex/l3kernel/expl3.sty
Package: expl3 2025-01-18 L3 programming layer (loader) 

(/usr/share/texmf-dist/tex/latex/l3backend/l3backend-pdftex.def
File: l3backend-pdftex.def 2024-05-08 L3 backend support: PDF output (pdfTeX)
\l__color_backend_stack_int=\count276
\l__pdf_internal_box=\box57
))
Package: xfp 2024-08-16 L3 Floating point unit
)
\c@DefaultLines=\count277
\c@DefaultDepth=\count278
\DefaultFindent=\dimen153
\DefaultNindent=\dimen154
\DefaultSlope=\dimen155
\DiscardVskip=\dimen156
\L@lettrine=\box58
\L@lbox=\box59
\L@tbox=\box60
\c@L@lines=\count279
\c@L@depth=\count280
\L@Pindent=\dimen157
\L@Findent=\dimen158
\L@Nindent=\dimen159
\L@lraise=\dimen160
\L@first=\dimen161
\L@next=\dimen162
\L@slope=\dimen163
\L@height=\dimen164
\L@novskip=\dimen165
\L@target@ht=\dimen166
\L@target@dp=\dimen167
\L@target@tht=\dimen168
\LettrineWidth=\dimen169
\LettrineHeight=\dimen170
\LettrineDepth=\dimen171
\L@finalht=\dimen172
\L@finaldp=\dimen173

Loading lettrine.cfg
(/usr/share/texmf-dist/tex/latex/lettrine/lettrine.cfg)
\Lettrine@tweaks=\toks25
\Llist@everypar=\toks26
)
(/usr/share/texmf-dist/tex/latex/wrapfig/wrapfig.sty
\wrapoverhang=\dimen174
\WF@size=\dimen175
\c@WF@wrappedlines=\count281
\WF@box=\box61
\WF@everypar=\toks27
Package: wrapfig 2003/01/31  v 3.6
)
(/usr/share/texmf-dist/tex/latex/hanging/hanging.sty
Package: hanging 2009/09/02 v1.2b hanging paragraphs and punctuation
\h@ngcommawd=\skip97
\h@ngfstopwd=\skip98
\h@ngquotewd=\skip99
\h@ngdquotewd=\skip100
\h@ngquerywd=\skip101
\h@ngexclwd=\skip102
\h@ngcolonwd=\skip103
\h@ngscolonwd=\skip104
)
(/usr/share/texmf-dist/tex/latex/fancyvrb/fancyvrb.sty
Package: fancyvrb 2024/01/20 4.5c verbatim text (tvz,hv)
\FV@CodeLineNo=\count282
\FV@InFile=\read2
\FV@TabBox=\box62
\c@FancyVerbLine=\count283
\FV@StepNumber=\count284
\FV@OutFile=\write3
)
(/usr/share/texmf-dist/tex/latex/fvextra/fvextra.sty
Package: fvextra 2025/03/04 v1.12.0 fvextra - extensions and patches for fancyv
rb

(/usr/share/texmf-dist/tex/latex/etoolbox/etoolbox.sty
Package: etoolbox 2025/02/11 v2.5l e-TeX tools for LaTeX (JAW)
\etb@tempcnta=\count285
)
(/usr/share/texmf-dist/tex/generic/pdftexcmds/pdftexcmds.sty
Package: pdftexcmds 2020-06-27 v0.33 Utility functions of pdfTeX for LuaTeX (HO
)

(/usr/share/texmf-dist/tex/generic/infwarerr/infwarerr.sty
Package: infwarerr 2019/12/03 v1.5 Providing info/warning/error messages (HO)
)
(/usr/share/texmf-dist/tex/generic/ltxcmds/ltxcmds.sty
Package: ltxcmds 2023-12-04 v1.26 LaTeX kernel commands for general use (HO)
)
Package pdftexcmds Info: \pdf@primitive is available.
Package pdftexcmds Info: \pdf@ifprimitive is available.
Package pdftexcmds Info: \pdfdraftmode found.
)
(/usr/share/texmf-dist/tex/latex/upquote/upquote.sty
Package: upquote 2012/04/19 v1.3 upright-quote and grave-accent glyphs in verba
tim
)
(/usr/share/texmf-dist/tex/latex/lineno/lineno.sty
Package: lineno 2025/01/29 line numbers on paragraphs v5.4

(/usr/share/texmf-dist/tex/latex/kvoptions/kvoptions.sty
Package: kvoptions 2022-06-15 v3.15 Key value format for package options (HO)

(/usr/share/texmf-dist/tex/latex/kvsetkeys/kvsetkeys.sty
Package: kvsetkeys 2022-10-05 v1.19 Key value parser (HO)
))
\linenopenalty=\count286
\output=\toks28
\linenoprevgraf=\count287
\linenumbersep=\dimen176
\linenumberwidth=\dimen177
\c@linenumber=\count288
\c@pagewiselinenumber=\count289
\c@LN@truepage=\count290
\c@internallinenumber=\count291
\c@internallinenumbers=\count292
\quotelinenumbersep=\dimen178
\bframerule=\dimen179
\bframesep=\dimen180
\bframebox=\box63
LaTeX Info: Redefining \\ on input line 3187.
)
\c@FancyVerbWriteLine=\count293
\c@FancyVerbBufferLine=\count294
\c@FV@TrueTabGroupLevel=\count295
\c@FV@TrueTabCounter=\count296
\FV@TabBox@Group=\box64
\FV@bgcolorstructbox=\box65
\FV@TmpLength=\skip105
\c@FV@HighlightLinesStart=\count297
\c@FV@HighlightLinesStop=\count298
\FV@LoopCount=\count299
\FV@NCharsBox=\box66
\FV@BreakIndent=\dimen181
\FV@BreakIndentNChars=\count300
\FV@BreakSymbolSepLeft=\dimen182
\FV@BreakSymbolSepLeftNChars=\count301
\FV@BreakSymbolSepRight=\dimen183
\FV@BreakSymbolSepRightNChars=\count302
\FV@BreakSymbolIndentLeft=\dimen184
\FV@BreakSymbolIndentLeftNChars=\count303
\FV@BreakSymbolIndentRight=\dimen185
\FV@BreakSymbolIndentRightNChars=\count304
\c@FancyVerbLineBreakLast=\count305
\FV@LineBox=\box67
\FV@LineIndentBox=\box68
\c@FV@BreakBufferDepth=\count306
\FV@LineWidth=\dimen186
)
(/usr/share/texmf-dist/tex/latex/enumitem/enumitem.sty
Package: enumitem 2025/02/06 v3.11 Customized lists
\enitkv@toks@=\toks29
\labelindent=\skip106
\enit@outerparindent=\dimen187
\enit@toks=\toks30
\enit@inbox=\box69
\enit@count@id=\count307
\enitdp@description=\count308
)
(/usr/share/texmf-dist/tex/latex/setspace/setspace.sty
Package: setspace 2022/12/04 v6.7b set line spacing
)
(/usr/share/texmf-dist/tex/latex/units/nicefrac.sty
Package: nicefrac 1998/08/04 v0.9b Nice fractions
\L@UnitsRaiseDisplaystyle=\skip107
\L@UnitsRaiseTextstyle=\skip108
\L@UnitsRaiseScriptstyle=\skip109

(/usr/share/texmf-dist/tex/latex/base/ifthen.sty
Package: ifthen 2024/03/16 v1.1e Standard LaTeX ifthen package (DPC)
))
(/usr/share/texmf-dist/tex/latex/tabto-ltx/tabto.sty
Package: tabto 2018/12/28  v 1.4  Another tabbing mechanism
\CurrentLineWidth=\dimen188
\TabPrevPos=\dimen189
)
(/usr/share/texmf-dist/tex/latex/microtype/microtype.sty
Package: microtype 2025/02/11 v3.2a Micro-typographical refinements (RS)
\MT@toks=\toks31
\MT@tempbox=\box70
\MT@count=\count309
LaTeX Info: Redefining \noprotrusionifhmode on input line 1087.
LaTeX Info: Redefining \leftprotrusion on input line 1088.
\MT@prot@toks=\toks32
LaTeX Info: Redefining \rightprotrusion on input line 1107.
LaTeX Info: Redefining \textls on input line 1449.
\MT@outer@kern=\dimen190
LaTeX Info: Redefining \microtypecontext on input line 2053.
LaTeX Info: Redefining \textmicrotypecontext on input line 2070.
\MT@listname@count=\count310

(/usr/share/texmf-dist/tex/latex/microtype/microtype-pdftex.def
File: microtype-pdftex.def 2025/02/11 v3.2a Definitions specific to pdftex (RS)

LaTeX Info: Redefining \lsstyle on input line 944.
LaTeX Info: Redefining \lslig on input line 944.
\MT@outer@space=\skip110
)
Package microtype Info: Loading configuration file microtype.cfg.

(/usr/share/texmf-dist/tex/latex/microtype/microtype.cfg
File: microtype.cfg 2025/02/11 v3.2a microtype main configuration file (RS)
)
LaTeX Info: Redefining \microtypesetup on input line 3065.
)
(/usr/share/texmf-dist/tex/latex/tabularray/tabularray.sty
Package: tabularray 2024-02-16 v2024A Typeset tabulars and arrays with LaTeX3
\l__tblr_a_int=\count311
\l__tblr_c_int=\count312
\l__tblr_r_int=\count313
\l__tblr_d_dim=\dimen191
\l__tblr_h_dim=\dimen192
\l__tblr_o_dim=\dimen193
\l__tblr_p_dim=\dimen194
\l__tblr_q_dim=\dimen195
\l__tblr_r_dim=\dimen196
\l__tblr_s_dim=\dimen197
\l__tblr_t_dim=\dimen198
\l__tblr_v_dim=\dimen199
\l__tblr_w_dim=\dimen256
\l__tblr_a_box=\box71
\l__tblr_b_box=\box72
\l__tblr_c_box=\box73
\l__tblr_d_box=\box74
\g__tblr_table_count_int=\count314
\c@rownum=\count315
\c@colnum=\count316
\c@rowcount=\count317
\c@colcount=\count318
\abovesep=\dimen257
\belowsep=\dimen258
\leftsep=\dimen259
\rightsep=\dimen260
\g_tblr_level_int=\count319
\g__tblr_data_row_key_count_int=\count320
\g__tblr_data_column_key_count_int=\count321
\g__tblr_data_cell_key_count_int=\count322
\g__tblr_array_int=\count323
\l__tblr_key_count_int=\count324
\l__tblr_key_quotient_int=\count325
\l__tblr_key_quotient_two_int=\count326
\l__tblr_key_remainder_int=\count327
\g__tblr_data_str_value_count_int=\count328
\rulewidth=\dimen261
\l__tblr_strut_dp_dim=\dimen262
\l__tblr_strut_ht_dim=\dimen263
\g__tblr_cell_wd_dim=\dimen264
\g__tblr_cell_ht_dim=\dimen265
\g__tblr_cell_head_dim=\dimen266
\g__tblr_cell_foot_dim=\dimen267
\l__column_target_dim=\dimen268
\l__tblr_caption_box=\box75
\l__tblr_caption_left_box=\box76
\l__tblr_row_head_box=\box77
\l__tblr_row_foot_box=\box78
\l__tblr_row_head_foot_dim=\dimen269
\tablewidth=\dimen270
\l__tblr_table_firsthead_box=\box79
\l__tblr_table_middlehead_box=\box80
\l__tblr_table_lasthead_box=\box81
\l__tblr_table_firstfoot_box=\box82
\l__tblr_table_middlefoot_box=\box83
\l__tblr_table_lastfoot_box=\box84
\l__tblr_remain_height_dim=\dimen271
\l__tblr_long_from_int=\count329
\l__tblr_long_to_int=\count330
\l__tblr_curr_i_int=\count331
\l__tblr_prev_i_int=\count332
\l__tblr_table_page_int=\count333
\l__tblr_table_head_box=\box85
\l__tblr_table_foot_box=\box86
\l__tblr_table_head_foot_dim=\dimen272
\l__tblr_table_head_body_foot_dim=\dimen273
\l__tblr_table_box=\box87
\l__tblr_table_hlines_box=\box88
\l__tblr_hline_box=\box89
\l__tblr_row_box=\box90
\l__tblr_col_o_wd_dim=\dimen274
\l__tblr_col_b_wd_dim=\dimen275
\l__tblr_hline_leftskip_dim=\dimen276
\l__tblr_hline_rightskip_dim=\dimen277
\l__tblr_row_ht_dim=\dimen278
\l__tblr_row_dp_dim=\dimen279
\l__tblr_row_abovesep_dim=\dimen280
\l__tblr_row_belowsep_dim=\dimen281
\l__tblr_row_vlines_box=\box91
\l__tblr_vline_box=\box92
\l__tblr_cell_box=\box93
\l__row_upper_dim=\dimen282
\l__row_lower_dim=\dimen283
\l__row_vpace_dim=\dimen284
\l__tblr_vline_aboveskip_dim=\dimen285
\l__tblr_vline_belowskip_dim=\dimen286
\l__tblr_cell_wd_dim=\dimen287
\l__tblr_cell_ht_dim=\dimen288
\l__tblr_diag_box=\box94
)
(/usr/share/texmf-dist/tex/latex/footmisc/footmisc.sty
Package: footmisc 2024/12/24 v6.0g a miscellany of footnote facilities
\FN@temptoken=\toks33
\footnotemargin=\dimen289
\@outputbox@depth=\dimen290
Package footmisc Info: Declaring symbol style bringhurst on input line 699.
Package footmisc Info: Declaring symbol style chicago on input line 707.
Package footmisc Info: Declaring symbol style wiley on input line 716.
Package footmisc Info: Declaring symbol style lamport-robust on input line 727.

Package footmisc Info: Declaring symbol style lamport* on input line 747.
Package footmisc Info: Declaring symbol style lamport*-robust on input line 768
.
)
(/usr/share/texmf-dist/tex/latex/quotchap/quotchap.sty
Package: quotchap 2020/11/13 v1.3 Decorative Chapter Headings with Quotes
\@quotebox=\box95
)
(/usr/share/texmf-dist/tex/latex/fancybox/fancybox.sty
Package: fancybox 2010/05/15 1.4

Style option: `fancybox' v1.4 <2010/05/15> (tvz)
\@fancybox=\box96
\shadowsize=\dimen291
\@Sbox=\box97
\do@VerbBox=\toks34
\the@fancyput=\toks35
\this@fancyput=\toks36
\EndVerbatimTokens=\toks37
\Verbatim@Outfile=\write4
\Verbatim@Infile=\read3
) (/usr/share/texmf-dist/tex/latex/lipsum/lipsum.sty
(/usr/share/texmf-dist/tex/latex/l3packages/l3keys2e/l3keys2e.sty
Package: l3keys2e 2024-08-16 LaTeX2e option processing using LaTeX3 keys
)
Package: lipsum 2021-09-20 v2.7 150 paragraphs of Lorem Ipsum dummy text
\g__lipsum_par_int=\count334
\l__lipsum_a_int=\count335
\l__lipsum_b_int=\count336

(/usr/share/texmf-dist/tex/latex/lipsum/lipsum.ltd.tex))
(/usr/share/texmf-dist/tex/latex/verse/verse.sty
Package: verse 2014/05/10 v2.4b verse typesetting
\c@vslineno=\count337
\c@poemline=\count338
\c@fvsline=\count339
\c@modulo@vs=\count340
\c@verse@envctr=\count341
\versewidth=\skip111
\vgap=\skip112
\vindent=\skip113
\stanzaskip=\skip114
\vleftskip=\skip115
\vrightskip=\skip116
\c@chrsinstr=\count342
\beforepoemtitleskip=\skip117
\afterpoemtitleskip=\skip118
)
(/usr/share/texmf-dist/tex/latex/relsize/relsize.sty
Package: relsize 2013/03/29 ver 4.1
)
(/usr/share/texmf-dist/tex/latex/tools/multicol.sty
Package: multicol 2024/09/14 v1.9i multicolumn formatting (FMi)
\c@tracingmulticols=\count343
\mult@box=\box98
\multicol@leftmargin=\dimen292
\c@unbalance=\count344
\c@collectmore=\count345
\doublecol@number=\count346
\multicoltolerance=\count347
\multicolpretolerance=\count348
\full@width=\dimen293
\page@free=\dimen294
\premulticols=\dimen295
\postmulticols=\dimen296
\multicolsep=\skip119
\multicolbaselineskip=\skip120
\partial@page=\box99
\last@line=\box100
\mc@boxedresult=\box101
\maxbalancingoverflow=\dimen297
\mult@rightbox=\box102
\mult@grightbox=\box103
\mult@firstbox=\box104
\mult@gfirstbox=\box105
\@tempa=\box106
\@tempa=\box107
\@tempa=\box108
\@tempa=\box109
\@tempa=\box110
\@tempa=\box111
\@tempa=\box112
\@tempa=\box113
\@tempa=\box114
\@tempa=\box115
\@tempa=\box116
\@tempa=\box117
\@tempa=\box118
\@tempa=\box119
\@tempa=\box120
\@tempa=\box121
\@tempa=\box122
\@tempa=\box123
\@tempa=\box124
\@tempa=\box125
\@tempa=\box126
\@tempa=\box127
\@tempa=\box128
\@tempa=\box129
\@tempa=\box130
\@tempa=\box131
\@tempa=\box132
\@tempa=\box133
\@tempa=\box134
\@tempa=\box135
\@tempa=\box136
\@tempa=\box137
\@tempa=\box138
\@tempa=\box139
\@tempa=\box140
\@tempa=\box141
\c@minrows=\count349
\c@columnbadness=\count350
\c@finalcolumnbadness=\count351
\last@try=\dimen298
\multicolovershoot=\dimen299
\multicolundershoot=\dimen300
\mult@nat@firstbox=\box142
\colbreak@box=\box143
\mc@col@check@num=\count352
)
(/usr/share/texmf-dist/tex/latex/mdframed/mdframed.sty
Package: mdframed 2013/07/01 1.9b: mdframed

(/usr/share/texmf-dist/tex/latex/l3packages/xparse/xparse.sty
Package: xparse 2024-08-16 L3 Experimental document command parser
)
(/usr/share/texmf-dist/tex/latex/zref/zref-abspage.sty
Package: zref-abspage 2023-09-14 v2.35 Module abspage for zref (HO)

(/usr/share/texmf-dist/tex/latex/zref/zref-base.sty
Package: zref-base 2023-09-14 v2.35 Module base for zref (HO)

(/usr/share/texmf-dist/tex/generic/kvdefinekeys/kvdefinekeys.sty
Package: kvdefinekeys 2019-12-19 v1.6 Define keys (HO)
)
(/usr/share/texmf-dist/tex/generic/etexcmds/etexcmds.sty
Package: etexcmds 2019/12/15 v1.7 Avoid name clashes with e-TeX commands (HO)
)
(/usr/share/texmf-dist/tex/latex/auxhook/auxhook.sty
Package: auxhook 2019-12-17 v1.6 Hooks for auxiliary files (HO)
)
Package zref Info: New property list: main on input line 767.
Package zref Info: New property: default on input line 768.
Package zref Info: New property: page on input line 769.
)
\c@abspage=\count353
Package zref Info: New property: abspage on input line 67.
)
(/usr/share/texmf-dist/tex/latex/needspace/needspace.sty
Package: needspace 2010/09/12 v1.3d reserve vertical space
)
\mdf@templength=\skip121
\c@mdf@globalstyle@cnt=\count354
\mdf@skipabove@length=\skip122
\mdf@skipbelow@length=\skip123
\mdf@leftmargin@length=\skip124
\mdf@rightmargin@length=\skip125
\mdf@innerleftmargin@length=\skip126
\mdf@innerrightmargin@length=\skip127
\mdf@innertopmargin@length=\skip128
\mdf@innerbottommargin@length=\skip129
\mdf@splittopskip@length=\skip130
\mdf@splitbottomskip@length=\skip131
\mdf@outermargin@length=\skip132
\mdf@innermargin@length=\skip133
\mdf@linewidth@length=\skip134
\mdf@innerlinewidth@length=\skip135
\mdf@middlelinewidth@length=\skip136
\mdf@outerlinewidth@length=\skip137
\mdf@roundcorner@length=\skip138
\mdf@footenotedistance@length=\skip139
\mdf@userdefinedwidth@length=\skip140
\mdf@needspace@length=\skip141
\mdf@frametitleaboveskip@length=\skip142
\mdf@frametitlebelowskip@length=\skip143
\mdf@frametitlerulewidth@length=\skip144
\mdf@frametitleleftmargin@length=\skip145
\mdf@frametitlerightmargin@length=\skip146
\mdf@shadowsize@length=\skip147
\mdf@extratopheight@length=\skip148
\mdf@subtitleabovelinewidth@length=\skip149
\mdf@subtitlebelowlinewidth@length=\skip150
\mdf@subtitleaboveskip@length=\skip151
\mdf@subtitlebelowskip@length=\skip152
\mdf@subtitleinneraboveskip@length=\skip153
\mdf@subtitleinnerbelowskip@length=\skip154
\mdf@subsubtitleabovelinewidth@length=\skip155
\mdf@subsubtitlebelowlinewidth@length=\skip156
\mdf@subsubtitleaboveskip@length=\skip157
\mdf@subsubtitlebelowskip@length=\skip158
\mdf@subsubtitleinneraboveskip@length=\skip159
\mdf@subsubtitleinnerbelowskip@length=\skip160

(/usr/share/texmf-dist/tex/latex/pgf/frontendlayer/tikz.sty
(/usr/share/texmf-dist/tex/latex/pgf/basiclayer/pgf.sty
(/usr/share/texmf-dist/tex/latex/pgf/utilities/pgfrcs.sty
(/usr/share/texmf-dist/tex/generic/pgf/utilities/pgfutil-common.tex
\pgfutil@everybye=\toks38
\pgfutil@tempdima=\dimen301
\pgfutil@tempdimb=\dimen302
)
(/usr/share/texmf-dist/tex/generic/pgf/utilities/pgfutil-latex.def
\pgfutil@abb=\box144
)
(/usr/share/texmf-dist/tex/generic/pgf/utilities/pgfrcs.code.tex
(/usr/share/texmf-dist/tex/generic/pgf/pgf.revision.tex)
Package: pgfrcs 2023-01-15 v3.1.10 (3.1.10)
))
Package: pgf 2023-01-15 v3.1.10 (3.1.10)

(/usr/share/texmf-dist/tex/latex/pgf/basiclayer/pgfcore.sty
(/usr/share/texmf-dist/tex/latex/pgf/systemlayer/pgfsys.sty
(/usr/share/texmf-dist/tex/generic/pgf/systemlayer/pgfsys.code.tex
Package: pgfsys 2023-01-15 v3.1.10 (3.1.10)

(/usr/share/texmf-dist/tex/generic/pgf/utilities/pgfkeys.code.tex
\pgfkeys@pathtoks=\toks39
\pgfkeys@temptoks=\toks40

(/usr/share/texmf-dist/tex/generic/pgf/utilities/pgfkeyslibraryfiltered.code.te
x
\pgfkeys@tmptoks=\toks41
))
\pgf@x=\dimen303
\pgf@y=\dimen304
\pgf@xa=\dimen305
\pgf@ya=\dimen306
\pgf@xb=\dimen307
\pgf@yb=\dimen308
\pgf@xc=\dimen309
\pgf@yc=\dimen310
\pgf@xd=\dimen311
\pgf@yd=\dimen312
\w@pgf@writea=\write5
\r@pgf@reada=\read4
\c@pgf@counta=\count355
\c@pgf@countb=\count356
\c@pgf@countc=\count357
\c@pgf@countd=\count358
\t@pgf@toka=\toks42
\t@pgf@tokb=\toks43
\t@pgf@tokc=\toks44
\pgf@sys@id@count=\count359
 (/usr/share/texmf-dist/tex/generic/pgf/systemlayer/pgf.cfg
File: pgf.cfg 2023-01-15 v3.1.10 (3.1.10)
)
Driver file for pgf: pgfsys-pdftex.def

(/usr/share/texmf-dist/tex/generic/pgf/systemlayer/pgfsys-pdftex.def
File: pgfsys-pdftex.def 2023-01-15 v3.1.10 (3.1.10)

(/usr/share/texmf-dist/tex/generic/pgf/systemlayer/pgfsys-common-pdf.def
File: pgfsys-common-pdf.def 2023-01-15 v3.1.10 (3.1.10)
)))
(/usr/share/texmf-dist/tex/generic/pgf/systemlayer/pgfsyssoftpath.code.tex
File: pgfsyssoftpath.code.tex 2023-01-15 v3.1.10 (3.1.10)
\pgfsyssoftpath@smallbuffer@items=\count360
\pgfsyssoftpath@bigbuffer@items=\count361
)
(/usr/share/texmf-dist/tex/generic/pgf/systemlayer/pgfsysprotocol.code.tex
File: pgfsysprotocol.code.tex 2023-01-15 v3.1.10 (3.1.10)
))
(/usr/share/texmf-dist/tex/latex/xcolor/xcolor.sty
Package: xcolor 2024/09/29 v3.02 LaTeX color extensions (UK)

(/usr/share/texmf-dist/tex/latex/graphics-cfg/color.cfg
File: color.cfg 2016/01/02 v1.6 sample color configuration
)

Package xcolor Warning: Package option `usenames' is obsolete and ignored on in
put line 265.

Package xcolor Info: Driver file: pdftex.def on input line 274.
LaTeX Info: Redefining \color on input line 762.
(/usr/share/texmf-dist/tex/latex/graphics/mathcolor.ltx)
Package xcolor Info: Model `cmy' substituted by `cmy0' on input line 1349.
Package xcolor Info: Model `hsb' substituted by `rgb' on input line 1353.
Package xcolor Info: Model `RGB' extended on input line 1365.
Package xcolor Info: Model `HTML' substituted by `rgb' on input line 1367.
Package xcolor Info: Model `Hsb' substituted by `hsb' on input line 1368.
Package xcolor Info: Model `tHsb' substituted by `hsb' on input line 1369.
Package xcolor Info: Model `HSB' substituted by `hsb' on input line 1370.
Package xcolor Info: Model `Gray' substituted by `gray' on input line 1371.
Package xcolor Info: Model `wave' substituted by `hsb' on input line 1372.
)
(/usr/share/texmf-dist/tex/latex/graphics/dvipsnam.def
File: dvipsnam.def 2016/06/17 v3.0m Driver-dependent file (DPC,SPQR)
)
(/usr/share/texmf-dist/tex/latex/xcolor/svgnam.def
File: svgnam.def 2024/09/29 v3.02 Predefined colors according to SVG 1.1 (UK)
)
(/usr/share/texmf-dist/tex/latex/xcolor/x11nam.def
File: x11nam.def 2024/09/29 v3.02 Predefined colors according to Unix/X11 (UK)
)
(/usr/share/texmf-dist/tex/generic/pgf/basiclayer/pgfcore.code.tex
Package: pgfcore 2023-01-15 v3.1.10 (3.1.10)

(/usr/share/texmf-dist/tex/generic/pgf/math/pgfmath.code.tex
(/usr/share/texmf-dist/tex/generic/pgf/math/pgfmathutil.code.tex)
(/usr/share/texmf-dist/tex/generic/pgf/math/pgfmathparser.code.tex
\pgfmath@dimen=\dimen313
\pgfmath@count=\count362
\pgfmath@box=\box145
\pgfmath@toks=\toks45
\pgfmath@stack@operand=\toks46
\pgfmath@stack@operation=\toks47
)
(/usr/share/texmf-dist/tex/generic/pgf/math/pgfmathfunctions.code.tex)
(/usr/share/texmf-dist/tex/generic/pgf/math/pgfmathfunctions.basic.code.tex)
(/usr/share/texmf-dist/tex/generic/pgf/math/pgfmathfunctions.trigonometric.code
.tex)
(/usr/share/texmf-dist/tex/generic/pgf/math/pgfmathfunctions.random.code.tex)
(/usr/share/texmf-dist/tex/generic/pgf/math/pgfmathfunctions.comparison.code.te
x) (/usr/share/texmf-dist/tex/generic/pgf/math/pgfmathfunctions.base.code.tex)
(/usr/share/texmf-dist/tex/generic/pgf/math/pgfmathfunctions.round.code.tex)
(/usr/share/texmf-dist/tex/generic/pgf/math/pgfmathfunctions.misc.code.tex)
(/usr/share/texmf-dist/tex/generic/pgf/math/pgfmathfunctions.integerarithmetics
.code.tex) (/usr/share/texmf-dist/tex/generic/pgf/math/pgfmathcalc.code.tex)
(/usr/share/texmf-dist/tex/generic/pgf/math/pgfmathfloat.code.tex
\c@pgfmathroundto@lastzeros=\count363
))
(/usr/share/texmf-dist/tex/generic/pgf/math/pgfint.code.tex)
(/usr/share/texmf-dist/tex/generic/pgf/basiclayer/pgfcorepoints.code.tex
File: pgfcorepoints.code.tex 2023-01-15 v3.1.10 (3.1.10)
\pgf@picminx=\dimen314
\pgf@picmaxx=\dimen315
\pgf@picminy=\dimen316
\pgf@picmaxy=\dimen317
\pgf@pathminx=\dimen318
\pgf@pathmaxx=\dimen319
\pgf@pathminy=\dimen320
\pgf@pathmaxy=\dimen321
\pgf@xx=\dimen322
\pgf@xy=\dimen323
\pgf@yx=\dimen324
\pgf@yy=\dimen325
\pgf@zx=\dimen326
\pgf@zy=\dimen327
)
(/usr/share/texmf-dist/tex/generic/pgf/basiclayer/pgfcorepathconstruct.code.tex
File: pgfcorepathconstruct.code.tex 2023-01-15 v3.1.10 (3.1.10)
\pgf@path@lastx=\dimen328
\pgf@path@lasty=\dimen329
) (/usr/share/texmf-dist/tex/generic/pgf/basiclayer/pgfcorepathusage.code.tex
File: pgfcorepathusage.code.tex 2023-01-15 v3.1.10 (3.1.10)
\pgf@shorten@end@additional=\dimen330
\pgf@shorten@start@additional=\dimen331
)
(/usr/share/texmf-dist/tex/generic/pgf/basiclayer/pgfcorescopes.code.tex
File: pgfcorescopes.code.tex 2023-01-15 v3.1.10 (3.1.10)
\pgfpic=\box146
\pgf@hbox=\box147
\pgf@layerbox@main=\box148
\pgf@picture@serial@count=\count364
)
(/usr/share/texmf-dist/tex/generic/pgf/basiclayer/pgfcoregraphicstate.code.tex
File: pgfcoregraphicstate.code.tex 2023-01-15 v3.1.10 (3.1.10)
\pgflinewidth=\dimen332
)
(/usr/share/texmf-dist/tex/generic/pgf/basiclayer/pgfcoretransformations.code.t
ex
File: pgfcoretransformations.code.tex 2023-01-15 v3.1.10 (3.1.10)
\pgf@pt@x=\dimen333
\pgf@pt@y=\dimen334
\pgf@pt@temp=\dimen335
) (/usr/share/texmf-dist/tex/generic/pgf/basiclayer/pgfcorequick.code.tex
File: pgfcorequick.code.tex 2023-01-15 v3.1.10 (3.1.10)
)
(/usr/share/texmf-dist/tex/generic/pgf/basiclayer/pgfcoreobjects.code.tex
File: pgfcoreobjects.code.tex 2023-01-15 v3.1.10 (3.1.10)
)
(/usr/share/texmf-dist/tex/generic/pgf/basiclayer/pgfcorepathprocessing.code.te
x
File: pgfcorepathprocessing.code.tex 2023-01-15 v3.1.10 (3.1.10)
) (/usr/share/texmf-dist/tex/generic/pgf/basiclayer/pgfcorearrows.code.tex
File: pgfcorearrows.code.tex 2023-01-15 v3.1.10 (3.1.10)
\pgfarrowsep=\dimen336
)
(/usr/share/texmf-dist/tex/generic/pgf/basiclayer/pgfcoreshade.code.tex
File: pgfcoreshade.code.tex 2023-01-15 v3.1.10 (3.1.10)
\pgf@max=\dimen337
\pgf@sys@shading@range@num=\count365
\pgf@shadingcount=\count366
)
(/usr/share/texmf-dist/tex/generic/pgf/basiclayer/pgfcoreimage.code.tex
File: pgfcoreimage.code.tex 2023-01-15 v3.1.10 (3.1.10)
)
(/usr/share/texmf-dist/tex/generic/pgf/basiclayer/pgfcoreexternal.code.tex
File: pgfcoreexternal.code.tex 2023-01-15 v3.1.10 (3.1.10)
\pgfexternal@startupbox=\box149
)
(/usr/share/texmf-dist/tex/generic/pgf/basiclayer/pgfcorelayers.code.tex
File: pgfcorelayers.code.tex 2023-01-15 v3.1.10 (3.1.10)
)
(/usr/share/texmf-dist/tex/generic/pgf/basiclayer/pgfcoretransparency.code.tex
File: pgfcoretransparency.code.tex 2023-01-15 v3.1.10 (3.1.10)
) (/usr/share/texmf-dist/tex/generic/pgf/basiclayer/pgfcorepatterns.code.tex
File: pgfcorepatterns.code.tex 2023-01-15 v3.1.10 (3.1.10)
)
(/usr/share/texmf-dist/tex/generic/pgf/basiclayer/pgfcorerdf.code.tex
File: pgfcorerdf.code.tex 2023-01-15 v3.1.10 (3.1.10)
)))
(/usr/share/texmf-dist/tex/generic/pgf/modules/pgfmoduleshapes.code.tex
File: pgfmoduleshapes.code.tex 2023-01-15 v3.1.10 (3.1.10)
\pgfnodeparttextbox=\box150
)
(/usr/share/texmf-dist/tex/generic/pgf/modules/pgfmoduleplot.code.tex
File: pgfmoduleplot.code.tex 2023-01-15 v3.1.10 (3.1.10)
)
(/usr/share/texmf-dist/tex/latex/pgf/compatibility/pgfcomp-version-0-65.sty
Package: pgfcomp-version-0-65 2023-01-15 v3.1.10 (3.1.10)
\pgf@nodesepstart=\dimen338
\pgf@nodesepend=\dimen339
)
(/usr/share/texmf-dist/tex/latex/pgf/compatibility/pgfcomp-version-1-18.sty
Package: pgfcomp-version-1-18 2023-01-15 v3.1.10 (3.1.10)
))
(/usr/share/texmf-dist/tex/latex/pgf/utilities/pgffor.sty
(/usr/share/texmf-dist/tex/latex/pgf/utilities/pgfkeys.sty
(/usr/share/texmf-dist/tex/generic/pgf/utilities/pgfkeys.code.tex))
(/usr/share/texmf-dist/tex/latex/pgf/math/pgfmath.sty
(/usr/share/texmf-dist/tex/generic/pgf/math/pgfmath.code.tex))
(/usr/share/texmf-dist/tex/generic/pgf/utilities/pgffor.code.tex
Package: pgffor 2023-01-15 v3.1.10 (3.1.10)
\pgffor@iter=\dimen340
\pgffor@skip=\dimen341
\pgffor@stack=\toks48
\pgffor@toks=\toks49
))
(/usr/share/texmf-dist/tex/generic/pgf/frontendlayer/tikz/tikz.code.tex
Package: tikz 2023-01-15 v3.1.10 (3.1.10)

(/usr/share/texmf-dist/tex/generic/pgf/libraries/pgflibraryplothandlers.code.te
x
File: pgflibraryplothandlers.code.tex 2023-01-15 v3.1.10 (3.1.10)
\pgf@plot@mark@count=\count367
\pgfplotmarksize=\dimen342
)
\tikz@lastx=\dimen343
\tikz@lasty=\dimen344
\tikz@lastxsaved=\dimen345
\tikz@lastysaved=\dimen346
\tikz@lastmovetox=\dimen347
\tikz@lastmovetoy=\dimen348
\tikzleveldistance=\dimen349
\tikzsiblingdistance=\dimen350
\tikz@figbox=\box151
\tikz@figbox@bg=\box152
\tikz@tempbox=\box153
\tikz@tempbox@bg=\box154
\tikztreelevel=\count368
\tikznumberofchildren=\count369
\tikznumberofcurrentchild=\count370
\tikz@fig@count=\count371
 (/usr/share/texmf-dist/tex/generic/pgf/modules/pgfmodulematrix.code.tex
File: pgfmodulematrix.code.tex 2023-01-15 v3.1.10 (3.1.10)
\pgfmatrixcurrentrow=\count372
\pgfmatrixcurrentcolumn=\count373
\pgf@matrix@numberofcolumns=\count374
)
\tikz@expandcount=\count375

(/usr/share/texmf-dist/tex/generic/pgf/frontendlayer/tikz/libraries/tikzlibrary
topaths.code.tex
File: tikzlibrarytopaths.code.tex 2023-01-15 v3.1.10 (3.1.10)
))) (/usr/share/texmf-dist/tex/latex/mdframed/md-frame-1.mdf
File: md-frame-1.mdf 2013/07/01\ 1.9b: md-frame-1
)
\mdf@frametitlebox=\box155
\mdf@footnotebox=\box156
\mdf@splitbox@one=\box157
\mdf@splitbox@two=\box158
\mdf@splitbox@save=\box159
\mdfsplitboxwidth=\skip161
\mdfsplitboxtotalwidth=\skip162
\mdfsplitboxheight=\skip163
\mdfsplitboxdepth=\skip164
\mdfsplitboxtotalheight=\skip165
\mdfframetitleboxwidth=\skip166
\mdfframetitleboxtotalwidth=\skip167
\mdfframetitleboxheight=\skip168
\mdfframetitleboxdepth=\skip169
\mdfframetitleboxtotalheight=\skip170
\mdffootnoteboxwidth=\skip171
\mdffootnoteboxtotalwidth=\skip172
\mdffootnoteboxheight=\skip173
\mdffootnoteboxdepth=\skip174
\mdffootnoteboxtotalheight=\skip175
\mdftotallinewidth=\skip176
\mdfboundingboxwidth=\skip177
\mdfboundingboxtotalwidth=\skip178
\mdfboundingboxheight=\skip179
\mdfboundingboxdepth=\skip180
\mdfboundingboxtotalheight=\skip181
\mdf@freevspace@length=\skip182
\mdf@horizontalwidthofbox@length=\skip183
\mdf@verticalmarginwhole@length=\skip184
\mdf@horizontalspaceofbox=\skip185
\mdfsubtitleheight=\skip186
\mdfsubsubtitleheight=\skip187
\c@mdfcountframes=\count376

****** mdframed patching \endmdf@trivlist

****** -- success******

\mdf@envdepth=\count377
\c@mdf@env@i=\count378
\c@mdf@env@ii=\count379
\c@mdf@zref@counter=\count380
Package zref Info: New property: mdf@pagevalue on input line 895.
)
(/usr/share/texmf-dist/tex/generic/pgf/frontendlayer/tikz/libraries/tikzlibrary
shadows.code.tex
File: tikzlibraryshadows.code.tex 2023-01-15 v3.1.10 (3.1.10)

(/usr/share/texmf-dist/tex/generic/pgf/frontendlayer/tikz/libraries/tikzlibrary
fadings.code.tex
File: tikzlibraryfadings.code.tex 2023-01-15 v3.1.10 (3.1.10)

(/usr/share/texmf-dist/tex/generic/pgf/libraries/pgflibraryfadings.code.tex
File: pgflibraryfadings.code.tex 2023-01-15 v3.1.10 (3.1.10)
)))
(/usr/share/texmf-dist/tex/latex/geometry/geometry.sty
Package: geometry 2020/01/02 v5.9 Page Geometry

(/usr/share/texmf-dist/tex/generic/iftex/ifvtex.sty
Package: ifvtex 2019/10/25 v1.7 ifvtex legacy package. Use iftex instead.
)
\Gm@cnth=\count381
\Gm@cntv=\count382
\c@Gm@tempcnt=\count383
\Gm@bindingoffset=\dimen351
\Gm@wd@mp=\dimen352
\Gm@odd@mp=\dimen353
\Gm@even@mp=\dimen354
\Gm@layoutwidth=\dimen355
\Gm@layoutheight=\dimen356
\Gm@layouthoffset=\dimen357
\Gm@layoutvoffset=\dimen358
\Gm@dimlist=\toks50
)
(/usr/share/texmf-dist/tex/latex/fancyhdr/fancyhdr.sty
Package: fancyhdr 2025/02/07 v5.2 Extensive control of page headers and footers

\f@nch@headwidth=\skip188
\f@nch@offset@elh=\skip189
\f@nch@offset@erh=\skip190
\f@nch@offset@olh=\skip191
\f@nch@offset@orh=\skip192
\f@nch@offset@elf=\skip193
\f@nch@offset@erf=\skip194
\f@nch@offset@olf=\skip195
\f@nch@offset@orf=\skip196
\f@nch@height=\skip197
\f@nch@footalignment=\skip198
\f@nch@widthL=\skip199
\f@nch@widthC=\skip256
\f@nch@widthR=\skip257
\@temptokenb=\toks51
)

Package fancyhdr Warning: \fancyhead's `E' option without twoside option is use
less.
(fancyhdr)                Please consider using the `twoside' option on input l
ine 99.


Package fancyhdr Warning: \fancyhead's `E' option without twoside option is use
less.
(fancyhdr)                Please consider using the `twoside' option on input l
ine 100.


Package fancyhdr Warning: \fancyfoot's `E' option without twoside option is use
less.
(fancyhdr)                Please consider using the `twoside' option on input l
ine 101.


Package fancyhdr Warning: \fancyfoot's `E' option without twoside option is use
less.
(fancyhdr)                Please consider using the `twoside' option on input l
ine 102.

(/usr/share/texmf-dist/tex/latex/initials/GoudyIn.fd
File: GoudyIn.fd 2003/04/02 Font definition file for U/GoudyIn
)
(/usr/share/texmf-dist/tex/latex/cfr-initials/Typocaps.sty
Package: Typocaps 2007/11/24 v1.01 Typocaps CFR

(/usr/share/texmf-dist/tex/latex/initials/Typocaps.fd
File: Typocaps.fd 2003/04/02 Font definition file for U/Typocaps
))
(/usr/share/texmf-dist/tex/generic/hologo/hologo.sty
Package: hologo 2021-11-16 v1.15 A logo collection with bookmark support (HO)
)
(/usr/share/texmf-dist/tex/latex/staves/staves.sty)
(/usr/share/texmf-dist/tex/latex/psnfss/pifont.sty
Package: pifont 2020/03/25 PSNFSS-v9.3 Pi font support (SPQR) 
LaTeX Font Info:    Trying to load font information for U+pzd on input line 63.


(/usr/share/texmf-dist/tex/latex/psnfss/upzd.fd
File: upzd.fd 2001/06/04 font definitions for U/pzd.
)
LaTeX Font Info:    Trying to load font information for U+psy on input line 64.


(/usr/share/texmf-dist/tex/latex/psnfss/upsy.fd
File: upsy.fd 2001/06/04 font definitions for U/psy.
))
(/usr/share/texmf-dist/tex/latex/graphics/rotating.sty
Package: rotating 2016/08/11 v2.16d rotated objects in LaTeX
\c@r@tfl@t=\count384
\rotFPtop=\skip258
\rotFPbot=\skip259
\rot@float@box=\box160
\rot@mess@toks=\toks52
)
(/usr/share/texmf-dist/tex/latex/xhfill/xhfill.sty
(/usr/share/texmf-dist/tex/latex/tools/calc.sty
Package: calc 2023/07/08 v4.3 Infix arithmetic (KKT,FJ)
\calc@Acount=\count385
\calc@Bcount=\count386
\calc@Adimen=\dimen359
\calc@Bdimen=\dimen360
\calc@Askip=\skip260
\calc@Bskip=\skip261
LaTeX Info: Redefining \setlength on input line 80.
LaTeX Info: Redefining \addtolength on input line 81.
\calc@Ccount=\count387
\calc@Cskip=\skip262
)
(/usr/share/texmf-dist/tex/latex/tools/xspace.sty
Package: xspace 2014/10/28 v1.13 Space after command names (DPC,MH)
)
Package: xhfill 2011/05/14\ v 1.01\ modify width and color of hrulefill
)
(/usr/share/texmf-dist/tex/latex/ragged2e/ragged2e.sty
Package: ragged2e 2023/06/22 v3.6 ragged2e Package
\CenteringLeftskip=\skip263
\RaggedLeftLeftskip=\skip264
\RaggedRightLeftskip=\skip265
\CenteringRightskip=\skip266
\RaggedLeftRightskip=\skip267
\RaggedRightRightskip=\skip268
\CenteringParfillskip=\skip269
\RaggedLeftParfillskip=\skip270
\RaggedRightParfillskip=\skip271
\JustifyingParfillskip=\skip272
\CenteringParindent=\skip273
\RaggedLeftParindent=\skip274
\RaggedRightParindent=\skip275
\JustifyingParindent=\skip276
)
(/usr/share/texmf-dist/tex/latex/wasysym/wasysym.sty
Package: wasysym 2020/01/19 v2.4 Wasy-2 symbol support package
\symwasy=\mathgroup6
LaTeX Font Info:    Overwriting symbol font `wasy' in version `bold'
(Font)                  U/wasy/m/n --> U/wasy/b/n on input line 93.
)
(/usr/share/texmf-dist/tex/latex/lineara/linearA.sty
File: linearA.sty 2006/03/13 v1.0 Package `linearA.sty'
)
(/usr/share/texmf-dist/tex/latex/tools/afterpage.sty
Package: afterpage 2023/07/04 v1.08 After-Page Package (DPC)
\AP@output=\toks53
\AP@partial=\box161
\AP@footins=\box162
)
(/usr/share/texmf-dist/tex/latex/hyperref/hyperref.sty
Package: hyperref 2024-11-05 v7.01l Hypertext links for LaTeX

(/usr/share/texmf-dist/tex/generic/pdfescape/pdfescape.sty
Package: pdfescape 2019/12/09 v1.15 Implements pdfTeX's escape features (HO)
)
(/usr/share/texmf-dist/tex/latex/hycolor/hycolor.sty
Package: hycolor 2020-01-27 v1.10 Color options for hyperref/bookmark (HO)
)
(/usr/share/texmf-dist/tex/latex/hyperref/nameref.sty
Package: nameref 2023-11-26 v2.56 Cross-referencing by name of section

(/usr/share/texmf-dist/tex/latex/refcount/refcount.sty
Package: refcount 2019/12/15 v3.6 Data extraction from label references (HO)
)
(/usr/share/texmf-dist/tex/generic/gettitlestring/gettitlestring.sty
Package: gettitlestring 2019/12/15 v1.6 Cleanup title references (HO)
)
\c@section@level=\count388
)
(/usr/share/texmf-dist/tex/generic/stringenc/stringenc.sty
Package: stringenc 2019/11/29 v1.12 Convert strings between diff. encodings (HO
)
)
\@linkdim=\dimen361
\Hy@linkcounter=\count389
\Hy@pagecounter=\count390

(/usr/share/texmf-dist/tex/latex/hyperref/pd1enc.def
File: pd1enc.def 2024-11-05 v7.01l Hyperref: PDFDocEncoding definition (HO)
Now handling font encoding PD1 ...
... no UTF-8 mapping file for font encoding PD1
)
(/usr/share/texmf-dist/tex/generic/intcalc/intcalc.sty
Package: intcalc 2019/12/15 v1.3 Expandable calculations with integers (HO)
)
\Hy@SavedSpaceFactor=\count391

(/usr/share/texmf-dist/tex/latex/hyperref/puenc.def
File: puenc.def 2024-11-05 v7.01l Hyperref: PDF Unicode definition (HO)
Now handling font encoding PU ...
... no UTF-8 mapping file for font encoding PU
)
Package hyperref Info: Hyper figures OFF on input line 4157.
Package hyperref Info: Link nesting OFF on input line 4162.
Package hyperref Info: Hyper index ON on input line 4165.
Package hyperref Info: Plain pages OFF on input line 4172.
Package hyperref Info: Backreferencing OFF on input line 4177.
Package hyperref Info: Implicit mode ON; LaTeX internals redefined.
Package hyperref Info: Bookmarks ON on input line 4424.
\c@Hy@tempcnt=\count392

(/usr/share/texmf-dist/tex/latex/url/url.sty
\Urlmuskip=\muskip17
Package: url 2013/09/16  ver 3.4  Verb mode for urls, etc.
)
LaTeX Info: Redefining \url on input line 4763.
\XeTeXLinkMargin=\dimen362

(/usr/share/texmf-dist/tex/generic/bitset/bitset.sty
Package: bitset 2019/12/09 v1.3 Handle bit-vector datatype (HO)

(/usr/share/texmf-dist/tex/generic/bigintcalc/bigintcalc.sty
Package: bigintcalc 2019/12/15 v1.5 Expandable calculations on big integers (HO
)
))
\Fld@menulength=\count393
\Field@Width=\dimen363
\Fld@charsize=\dimen364
Package hyperref Info: Hyper figures OFF on input line 6042.
Package hyperref Info: Link nesting OFF on input line 6047.
Package hyperref Info: Hyper index ON on input line 6050.
Package hyperref Info: backreferencing OFF on input line 6057.
Package hyperref Info: Link coloring OFF on input line 6062.
Package hyperref Info: Link coloring with OCG OFF on input line 6067.
Package hyperref Info: PDF/A mode OFF on input line 6072.

(/usr/share/texmf-dist/tex/latex/base/atbegshi-ltx.sty
Package: atbegshi-ltx 2021/01/10 v1.0c Emulation of the original atbegshi
package with kernel methods
)
\Hy@abspage=\count394
\c@Item=\count395
\c@Hfootnote=\count396
)
Package hyperref Info: Driver (autodetected): hpdftex.

(/usr/share/texmf-dist/tex/latex/hyperref/hpdftex.def
File: hpdftex.def 2024-11-05 v7.01l Hyperref driver for pdfTeX

(/usr/share/texmf-dist/tex/latex/base/atveryend-ltx.sty
Package: atveryend-ltx 2020/08/19 v1.0a Emulation of the original atveryend pac
kage
with kernel methods
)
\HyAnn@Count=\count397
\Fld@listcount=\count398
\c@bookmark@seq@number=\count399

(/usr/share/texmf-dist/tex/latex/rerunfilecheck/rerunfilecheck.sty
Package: rerunfilecheck 2022-07-10 v1.10 Rerun checks for auxiliary files (HO)

(/usr/share/texmf-dist/tex/generic/uniquecounter/uniquecounter.sty
Package: uniquecounter 2019/12/15 v1.4 Provide unlimited unique counter (HO)
)
Package uniquecounter Info: New unique counter `rerunfilecheck' on input line 2
85.
)
\Hy@SectionHShift=\skip277
)
(/usr/share/texmf-dist/tex/latex/titlepic/titlepic.sty
Package: titlepic 2017/03/14 1.2 Package to display a picture on the title page

)
(/usr/share/texmf-dist/tex/latex/pdfpages/pdfpages.sty
Package: pdfpages 2025/01/30 v0.6e Insert pages of external PDF documents (AM)

(/usr/share/texmf-dist/tex/latex/eso-pic/eso-pic.sty
Package: eso-pic 2023/05/03 v3.0c eso-pic (RN)
\ESO@tempdima=\dimen365
\ESO@tempdimb=\dimen366
)
\AM@pagewidth=\dimen367
\AM@pageheight=\dimen368
\AM@fboxrule=\dimen369

(/usr/share/texmf-dist/tex/latex/pdfpages/pppdftex.def
File: pppdftex.def 2025/01/30 v0.6e Pdfpages driver for pdfTeX (AM)
)
\pdfpages@includegraphics@status=\count400
\AM@pagebox=\box163
\AM@global@opts=\toks54
\AM@pagecnt=\count401
\AM@toc@title=\toks55
\AM@lof@heading=\toks56
\c@AM@survey=\count402
\AM@templatesizebox=\box164
)
\@indexfile=\write6
\openout6 = `aegypt.idx'.


Writing index file aegypt.idx
LaTeX Font Info:    Trying to load font information for T1+bsk on input line 24
4.
LaTeX Font Info:    No file T1bsk.fd. on input line 244.

LaTeX Font Warning: Font shape `T1/bsk/m/n' undefined
(Font)              using `T1/cmr/m/n' instead on input line 244.


LaTeX Warning: Unused global option(s):
    [makeidx].

(./aegypt.aux (./titlepage.aux))
\openout1 = `aegypt.aux'.

LaTeX Font Info:    Checking defaults for OML/cmm/m/it on input line 244.
LaTeX Font Info:    ... okay on input line 244.
LaTeX Font Info:    Checking defaults for OMS/cmsy/m/n on input line 244.
LaTeX Font Info:    ... okay on input line 244.
LaTeX Font Info:    Checking defaults for OT1/cmr/m/n on input line 244.
LaTeX Font Info:    ... okay on input line 244.
LaTeX Font Info:    Checking defaults for T1/cmr/m/n on input line 244.
LaTeX Font Info:    ... okay on input line 244.
LaTeX Font Info:    Checking defaults for TS1/cmr/m/n on input line 244.
LaTeX Font Info:    ... okay on input line 244.
LaTeX Font Info:    Checking defaults for OMX/cmex/m/n on input line 244.
LaTeX Font Info:    ... okay on input line 244.
LaTeX Font Info:    Checking defaults for U/LinearAII/m/n on input line 244.
LaTeX Font Info:    ... okay on input line 244.
LaTeX Font Info:    Checking defaults for LBM/cmr/m/n on input line 244.
LaTeX Font Info:    Trying to load font information for LBM+cmr on input line 2
44.

(/usr/share/texmf-dist/tex/latex/boisik/lbmcmr.fd
File: lbmcmr.fd 
)
LaTeX Font Info:    ... okay on input line 244.
LaTeX Font Info:    Checking defaults for LBS/cmr/m/n on input line 244.
LaTeX Font Info:    Trying to load font information for LBS+cmr on input line 2
44.

(/usr/share/texmf-dist/tex/latex/boisik/lbscmr.fd
File: lbscmr.fd 
)
LaTeX Font Info:    ... okay on input line 244.
LaTeX Font Info:    Checking defaults for LBL/bskm/m/it on input line 244.
LaTeX Font Info:    Trying to load font information for LBL+bskm on input line 
244.

(/usr/share/texmf-dist/tex/latex/boisik/lblbskm.fd
File: lblbskm.fd 2009/08/21 v0.5 Boisik font
)
LaTeX Font Info:    ... okay on input line 244.
LaTeX Font Info:    Checking defaults for PD1/pdf/m/n on input line 244.
LaTeX Font Info:    ... okay on input line 244.
LaTeX Font Info:    Checking defaults for PU/pdf/m/n on input line 244.
LaTeX Font Info:    ... okay on input line 244.

(/usr/share/texmf-dist/tex/context/base/mkii/supp-pdf.mkii
[Loading MPS to PDF converter (version 2006.09.02).]
\scratchcounter=\count403
\scratchdimen=\dimen370
\scratchbox=\box165
\nofMPsegments=\count404
\nofMParguments=\count405
\everyMPshowfont=\toks57
\MPscratchCnt=\count406
\MPscratchDim=\dimen371
\MPnumerator=\count407
\makeMPintoPDFobject=\count408
\everyMPtoPDFconversion=\toks58
) (/usr/share/texmf-dist/tex/latex/epstopdf-pkg/epstopdf-base.sty
Package: epstopdf-base 2020-01-24 v2.11 Base part for package epstopdf
Package epstopdf-base Info: Redefining graphics rule for `.eps' on input line 4
85.

(/usr/share/texmf-dist/tex/latex/latexconfig/epstopdf-sys.cfg
File: epstopdf-sys.cfg 2010/07/13 v1.3 Configuration of (r)epstopdf for TeX Liv
e
))
\c@mv@tabular=\count409
\c@mv@boldtabular=\count410
\symgns@font=\mathgroup7
LaTeX Font Info:    Overwriting symbol font `gns@font' in version `bold'
(Font)                  TS1/bsk/m/n --> TS1/bsk/b/n on input line 244.
Package gensymb Info: Math companion symbols declared on input line 244.
LaTeX Info: Redefining \degree on input line 244.
LaTeX Info: Redefining \celsius on input line 244.
Package gensymb Info: Using text companion symbols for \degree, \celsius and \p
erthousand on input line 244.
LaTeX Info: Redefining \ohm on input line 244.
Package gensymb Info: Using \textohm for \ohm on input line 244.
Package gensymb Info: Using \textmu for \micro on input line 244.
LaTeX Info: Redefining \microtypecontext on input line 244.
Package microtype Info: Applying patch `item' on input line 244.
Package microtype Info: Applying patch `toc' on input line 244.
Package microtype Info: Applying patch `eqnum' on input line 244.
Package microtype Info: Applying patch `footnote' on input line 244.
Package microtype Info: Applying patch `verbatim' on input line 244.
LaTeX Info: Redefining \microtypesetup on input line 244.
Package microtype Info: Generating PDF output.
Package microtype Info: Character protrusion enabled (level 2).
Package microtype Info: Using default protrusion set `alltext'.
Package microtype Info: Automatic font expansion enabled (level 2),
(microtype)             stretch: 20, shrink: 20, step: 1, non-selected.
Package microtype Info: Using default expansion set `alltext-nott'.
LaTeX Info: Redefining \showhyphens on input line 244.
Package microtype Info: No adjustment of tracking.
Package microtype Info: No adjustment of interword spacing.
Package microtype Info: No adjustment of character kerning.
Package microtype Info: Loading generic protrusion settings for font family
(microtype)             `bsk' (encoding: T1).
(microtype)             For optimal results, create family-specific settings.
(microtype)             See the microtype manual for details.

(/usr/share/texmf-dist/tex/latex/ninecolors/ninecolors.sty
Package: ninecolors 2022-02-13 v2022D Select colors with proper color contrast
)
*geometry* driver: auto-detecting
*geometry* detected driver: pdftex
*geometry* verbose mode - [ preamble ] result:
* driver: pdftex
* paper: custom
* layout: <same size as paper>
* layoutoffset:(h,v)=(0.0pt,0.0pt)
* modes: 
* h-part:(L,W,R)=(68.2866pt, 477.72179pt, 68.2866pt)
* v-part:(T,H,B)=(68.2866pt, 658.39677pt, 68.2866pt)
* \paperwidth=614.295pt
* \paperheight=794.96999pt
* \textwidth=477.72179pt
* \textheight=629.94403pt
* \oddsidemargin=-3.98338pt
* \evensidemargin=-3.98338pt
* \topmargin=-29.75702pt
* \headheight=15.0pt
* \headsep=25.0pt
* \topskip=12.0pt
* \footskip=30.0pt
* \marginparwidth=44.0pt
* \marginparsep=10.0pt
* \columnsep=10.0pt
* \skip\footins=10.8pt plus 4.0pt minus 2.0pt
* \hoffset=0.0pt
* \voffset=0.0pt
* \mag=1000
* \@twocolumnfalse
* \@twosidefalse
* \@mparswitchfalse
* \@reversemarginfalse
* (1in=72.27pt=25.4mm, 1cm=28.453pt)

Package hyperref Info: Link coloring OFF on input line 244.
(./aegypt.out) (./aegypt.out)
\@outlinefile=\write7
\openout7 = `aegypt.out'.


(/usr/share/texmf-dist/tex/latex/pdflscape/pdflscape.sty
Package: pdflscape 2022-10-27 v0.13 Display of landscape pages in PDF

(/usr/share/texmf-dist/tex/latex/pdflscape/pdflscape-nometadata.sty
Package: pdflscape-nometadata 2022-10-28 v0.13 Display of landscape pages in PD
F (HO)

(/usr/share/texmf-dist/tex/latex/graphics/lscape.sty
Package: lscape 2020/05/28 v3.02 Landscape Pages (DPC)
)
Package pdflscape Info: Auto-detected driver: pdftex on input line 81.
))
\openout2 = `titlepage.aux'.

 (./titlepage.tex
*geometry* verbose mode - [ newgeometry ] result:
* driver: pdftex
* paper: custom
* layout: <same size as paper>
* layoutoffset:(h,v)=(0.0pt,0.0pt)
* modes: 
* h-part:(L,W,R)=(92.14519pt, 431.81232pt, 90.3375pt)
* v-part:(T,H,B)=(28.45274pt, 760.82678pt, 5.69046pt)
* \paperwidth=614.295pt
* \paperheight=794.96999pt
* \textwidth=431.81232pt
* \textheight=760.82678pt
* \oddsidemargin=19.8752pt
* \evensidemargin=19.8752pt
* \topmargin=-83.81725pt
* \headheight=15.0pt
* \headsep=25.0pt
* \topskip=12.0pt
* \footskip=30.0pt
* \marginparwidth=44.0pt
* \marginparsep=10.0pt
* \columnsep=10.0pt
* \skip\footins=10.8pt plus 4.0pt minus 2.0pt
* \hoffset=0.0pt
* \voffset=0.0pt
* \mag=1000
* \@twocolumnfalse
* \@twosidefalse
* \@mparswitchfalse
* \@reversemarginfalse
* (1in=72.27pt=25.4mm, 1cm=28.453pt)

<cartouche-top.png, id=155, 968.86969pt x 271.0125pt>
File: cartouche-top.png Graphic file (type png)
<use cartouche-top.png>
Package pdftex.def Info: cartouche-top.png  used on input line 8.
(pdftex.def)             Requested size: 433.62pt x 121.29283pt.
LaTeX Font Info:    Trying to load font information for T1+AccanthisADFStdNoThr
ee-LF on input line 12.

(/usr/share/texmf-dist/tex/latex/accanthis/T1AccanthisADFStdNoThree-LF.fd
File: T1AccanthisADFStdNoThree-LF.fd 2013/11/04 (autoinst) Font definitions for
 T1/AccanthisADFStdNoThree-LF.
)
LaTeX Font Info:    Font shape `T1/AccanthisADFStdNoThree-LF/m/n' will be
(Font)              scaled to size 24.88pt on input line 12.
Package microtype Info: Loading generic protrusion settings for font family
(microtype)             `AccanthisADFStdNoThree-LF' (encoding: T1).
(microtype)             For optimal results, create family-specific settings.
(microtype)             See the microtype manual for details.
LaTeX Font Info:    Font shape `T1/AccanthisADFStdNoThree-LF/m/n' will be
(Font)              scaled to size 42.0pt on input line 13.

Overfull \hbox (1.80768pt too wide) in paragraph at lines 8--15
 [] 
 []

LaTeX Font Info:    Font shape `T1/AccanthisADFStdNoThree-LF/m/n' will be
(Font)              scaled to size 12.0pt on input line 17.

LaTeX Font Warning: Font shape `T1/bsk/m/sc' undefined
(Font)              using `T1/bsk/m/n' instead on input line 21.


LaTeX Font Warning: Font shape `T1/bsk/b/sc' undefined
(Font)              using `T1/bsk/m/n' instead on input line 21.


LaTeX Font Warning: Font shape `T1/bsk/m/it' undefined
(Font)              using `T1/bsk/m/n' instead on input line 24.

LaTeX Font Info:    Trying to load font information for OT1+egoth on input line
 79.
(/usr/share/texmf-dist/tex/latex/bookhands/ot1egoth.fd)
Package microtype Info: Loading generic protrusion settings for font family
(microtype)             `egoth' (encoding: OT1).
(microtype)             For optimal results, create family-specific settings.
(microtype)             See the microtype manual for details.
Package microtype Info: Character `@' is missing
(microtype)             in font `OT1/egoth/m/n/10.95'.
(microtype)             Ignoring protrusion settings for this character.
Package microtype Info: Character `~ (= ~)' is missing
(microtype)             in font `OT1/egoth/m/n/10.95'.
(microtype)             Ignoring protrusion settings for this character.
Package microtype Info: Character `%' is missing
(microtype)             in font `OT1/egoth/m/n/10.95'.
(microtype)             Ignoring protrusion settings for this character.
Package microtype Info: Character `*' is missing
(microtype)             in font `OT1/egoth/m/n/10.95'.
(microtype)             Ignoring protrusion settings for this character.
Package microtype Info: Character `+' is missing
(microtype)             in font `OT1/egoth/m/n/10.95'.
(microtype)             Ignoring protrusion settings for this character.
Package microtype Info: Character `(' is missing
(microtype)             in font `OT1/egoth/m/n/10.95'.
(microtype)             Ignoring protrusion settings for this character.
Package microtype Info: Character `)' is missing
(microtype)             in font `OT1/egoth/m/n/10.95'.
(microtype)             Ignoring protrusion settings for this character.
Package microtype Info: Character `/' is missing
(microtype)             in font `OT1/egoth/m/n/10.95'.
(microtype)             Ignoring protrusion settings for this character.
Package microtype Info: Character `AE ' is missing
(microtype)             in font `OT1/egoth/m/n/10.95'.
(microtype)             Ignoring protrusion settings for this character.
LaTeX Font Info:    Font shape `U/ccicons/m/n' will be
(Font)              scaled to size 10.95pt on input line 80.
Package microtype Info: Character `@' is missing
(microtype)             in font `OT1/egoth/m/n/14.4'.
(microtype)             Ignoring protrusion settings for this character.
Package microtype Info: Character `~ (= ~)' is missing
(microtype)             in font `OT1/egoth/m/n/14.4'.
(microtype)             Ignoring protrusion settings for this character.
Package microtype Info: Character `%' is missing
(microtype)             in font `OT1/egoth/m/n/14.4'.
(microtype)             Ignoring protrusion settings for this character.
Package microtype Info: Character `*' is missing
(microtype)             in font `OT1/egoth/m/n/14.4'.
(microtype)             Ignoring protrusion settings for this character.
Package microtype Info: Character `+' is missing
(microtype)             in font `OT1/egoth/m/n/14.4'.
(microtype)             Ignoring protrusion settings for this character.
Package microtype Info: Character `(' is missing
(microtype)             in font `OT1/egoth/m/n/14.4'.
(microtype)             Ignoring protrusion settings for this character.
Package microtype Info: Character `)' is missing
(microtype)             in font `OT1/egoth/m/n/14.4'.
(microtype)             Ignoring protrusion settings for this character.
Package microtype Info: Character `/' is missing
(microtype)             in font `OT1/egoth/m/n/14.4'.
(microtype)             Ignoring protrusion settings for this character.
Package microtype Info: Character `AE ' is missing
(microtype)             in font `OT1/egoth/m/n/14.4'.
(microtype)             Ignoring protrusion settings for this character.
LaTeX Font Info:    Trying to load font information for OT1+bsk on input line 8
2.

(/usr/share/texmf-dist/tex/latex/boisik/ot1bsk.fd
File: ot1bsk.fd 2009/08/21 v0.5 Boisik font
)
Package microtype Info: Loading generic protrusion settings for font family
(microtype)             `bsk' (encoding: OT1).
(microtype)             For optimal results, create family-specific settings.
(microtype)             See the microtype manual for details.
LaTeX Font Info:    Trying to load font information for OT1+bskf on input line 
84.

(/usr/share/texmf-dist/tex/latex/boisik/ot1bskf.fd
File: ot1bskf.fd 2009/08/21 v0.5 Boisik font
)
Package microtype Info: Loading generic protrusion settings for font family
(microtype)             `bskf' (encoding: OT1).
(microtype)             For optimal results, create family-specific settings.
(microtype)             See the microtype manual for details.
LaTeX Font Info:    Trying to load font information for LBS+bsksy on input line
 84.

(/usr/share/texmf-dist/tex/latex/boisik/lbsbsksy.fd
File: lbsbsksy.fd 2009/08/21 v0.5 Boisik font
)
LaTeX Font Info:    Trying to load font information for U+bskex on input line 8
4.

(/usr/share/texmf-dist/tex/latex/boisik/ubskex.fd
File: ubskex.fd 2009/08/21 v0.5 Boisik font
)
LaTeX Font Info:    External font `bskex10' loaded for size
(Font)              <14.4> on input line 84.
LaTeX Font Info:    External font `bskex10' loaded for size
(Font)              <10> on input line 84.
LaTeX Font Info:    External font `bskex10' loaded for size
(Font)              <7> on input line 84.
LaTeX Font Info:    Trying to load font information for LBM+bskms on input line
 84.

(/usr/share/texmf-dist/tex/latex/boisik/lbmbskms.fd
File: lbmbskms.fd 2009/08/21 v0.5 Boisik font
)
LaTeX Font Info:    Trying to load font information for U+wasy on input line 84
.

(/usr/share/texmf-dist/tex/latex/wasysym/uwasy.fd
File: uwasy.fd 2020/01/19 v2.4 Wasy-2 symbol font definitions
)
LaTeX Font Info:    Trying to load font information for TS1+bsk on input line 8
4.

(/usr/share/texmf-dist/tex/latex/boisik/ts1bsk.fd
File: ts1bsk.fd 2009/08/21 v0.5 Boisik font
)
Package microtype Info: Loading generic protrusion settings for font family
(microtype)             `bsk' (encoding: TS1).
(microtype)             For optimal results, create family-specific settings.
(microtype)             See the microtype manual for details.
<cartouche-bottom.png, id=157, 931.22906pt x 367.3725pt>
File: cartouche-bottom.png Graphic file (type png)
<use cartouche-bottom.png>
Package pdftex.def Info: cartouche-bottom.png  used on input line 86.
(pdftex.def)             Requested size: 433.62pt x 171.06187pt.

Overfull \hbox (1.80768pt too wide) in paragraph at lines 84--88
 [] 
 []



[0



{/var/lib/texmf/fonts/map/pdftex/updmap/pdftex.map}{/usr/share/texmf-dist/fonts
/enc/dvips/accanthis/acnt_sjpjw4.enc}{/usr/share/texmf-dist/fonts/enc/dvips/cm-
super/cm-super-t1.enc} <./cartouche-top.png> <./cartouche-bottom.png>])

LaTeX Font Warning: Font shape `T1/bsk/b/n' undefined
(Font)              using `T1/bsk/m/n' instead on input line 251.

(./aegypt.toc
LaTeX Font Info:    External font `bskex10' loaded for size
(Font)              <12> on input line 1.
LaTeX Font Info:    External font `bskex10' loaded for size
(Font)              <8> on input line 1.
LaTeX Font Info:    External font `bskex10' loaded for size
(Font)              <6> on input line 1.
)
\tf@toc=\write8
\openout8 = `aegypt.toc'.



[1




]

LaTeX Font Warning: Font shape `T1/AccanthisADFStdNoThree-LF/m/sc' undefined
(Font)              using `T1/AccanthisADFStdNoThree-LF/m/n' instead on input l
ine 258.

LaTeX Font Info:    Font shape `T1/AccanthisADFStdNoThree-LF/m/sc' will be
(Font)              scaled to size 12.0pt on input line 258.
Package lettrine.sty Info: Targeted height = 48.63599pt
(lettrine.sty)             (for loversize=0, accent excluded),
(lettrine.sty)             Lettrine height = 48.63599pt (T);
(lettrine.sty)             reported on input line 258.
LaTeX Font Info:    Font shape `T1/AccanthisADFStdNoThree-LF/m/it' will be
(Font)              scaled to size 12.0pt on input line 258.
LaTeX Font Info:    Trying to load font information for U+mvs on input line 276
.
(/usr/share/texmf-dist/tex/latex/marvosym/umvs.fd)
(/usr/share/texmf-dist/tex/latex/microtype/mt-mvs.cfg
File: mt-mvs.cfg 2006/07/05 v1.1 microtype config. file: Marvosym Euro (RS)
)

Package xcolor Warning: Incompatible color definition on input line 276.



[2

]
LaTeX Font Info:    Trying to load font information for LBS+AccanthisADFStdNoTh
ree-LF on input line 286.
LaTeX Font Info:    No file LBSAccanthisADFStdNoThree-LF.fd. on input line 286.



LaTeX Font Warning: Font shape `LBS/AccanthisADFStdNoThree-LF/m/n' undefined
(Font)              using `LBS/cmr/m/n' instead
(Font)              for symbol `textbullet' on input line 286.

(/usr/share/texmf-dist/tex/latex/microtype/mt-cmr.cfg
File: mt-cmr.cfg 2013/05/19 v2.2 microtype config. file: Computer Modern Roman 
(RS)
)

Package xcolor Warning: Incompatible color definition on input line 324.



[3

]
LaTeX Font Info:    External font `bskex10' loaded for size
(Font)              <5> on input line 334.
Package microtype Info: Loading generic protrusion settings for font family
(microtype)             `cmss' (encoding: T1).
(microtype)             For optimal results, create family-specific settings.
(microtype)             See the microtype manual for details.

Underfull \hbox (badness 10000) in paragraph at lines 336--338

 []

LaTeX Font Info:    Font shape `T1/AccanthisADFStdNoThree-LF/b/n' will be
(Font)              scaled to size 12.0pt on input line 439.
LaTeX Font Info:    Font shape `T1/AccanthisADFStdNoThree-LF/b/it' will be
(Font)              scaled to size 12.0pt on input line 439.


[4

]

[5]

[6]

Package xcolor Warning: Incompatible color definition on input line 507.



[7]

[8

]

[9]

Package xcolor Warning: Incompatible color definition on input line 589.



[10]

[11

]

LaTeX Font Warning: Font shape `T1/AccanthisADFStdNoThree-LF/m/scit' undefined
(Font)              using `T1/AccanthisADFStdNoThree-LF/m/sc' instead on input 
line 613.



[12]

[13]

[14]

Package xcolor Warning: Incompatible color definition on input line 718.

(./aegypt.bbl

[15]

[16

]

[17]

[18])

Package xcolor Warning: Incompatible color definition on input line 732.



[19] (./aegypt.aux (./titlepage.aux))
 ***********
LaTeX2e <2024-11-01> patch level 2
L3 programming layer <2025-01-18>
 ***********


LaTeX Font Warning: Some font shapes were not available, defaults substituted.

Package rerunfilecheck Info: File `aegypt.out' has not changed.
(rerunfilecheck)             Checksum: 15EB2117898FD7741F8C98B7A365B5EF;2590.
 ) 
Here is how much of TeX's memory you used:
 35015 strings out of 475171
 649987 string characters out of 5767095
 1202216 words of memory out of 5000000
 56991 multiletter control sequences out of 15000+600000
 638030 words of font info for 200 fonts, out of 8000000 for 9000
 14 hyphenation exceptions out of 8191
 118i,11n,151p,10978b,902s stack positions out of 10000i,1000n,20000p,200000b,200000s
 </home/brian/.texlive/texmf-var/fonts/pk/ljfour/public/boisik/bskr10.600pk> 
</home/brian/.texlive/texmf-var/fonts/pk/ljfour/public/boisik/bskr10.864pk> </h
ome/brian/.texlive/texmf-var/fonts/pk/ljfour/public/boisik/bsksc10.864pk> </hom
e/brian/.texlive/texmf-var/fonts/pk/ljfour/public/bookhands/egoth10.657pk></usr
/share/texmf-dist/fonts/type1/arkandis/accanthis/AccanthisADFStdNo3-Bold.pfb></
usr/share/texmf-dist/fonts/type1/arkandis/accanthis/AccanthisADFStdNo3-BoldItal
ic.pfb></usr/share/texmf-dist/fonts/type1/arkandis/accanthis/AccanthisADFStdNo3
-Italic.pfb></usr/share/texmf-dist/fonts/type1/arkandis/accanthis/AccanthisADFS
tdNo3-Regular.pfb></usr/share/texmf-dist/fonts/type1/public/initials/GoudyIn.pf
b></usr/share/texmf-dist/fonts/type1/public/ccicons/ccicons.pfb></usr/share/tex
mf-dist/fonts/type1/public/amsfonts/cm/cmsy10.pfb></usr/share/texmf-dist/fonts/
type1/public/marvosym/marvosym.pfb></usr/share/texmf-dist/fonts/type1/public/cm
-super/sfrm0700.pfb></usr/share/texmf-dist/fonts/type1/public/cm-super/sfrm0800
.pfb></usr/share/texmf-dist/fonts/type1/public/cm-super/sfrm1095.pfb></usr/shar
e/texmf-dist/fonts/type1/public/cm-super/sfrm1200.pfb></usr/share/texmf-dist/fo
nts/type1/public/cm-super/sfrm1728.pfb></usr/share/texmf-dist/fonts/type1/publi
c/cm-super/sfrm2074.pfb></usr/share/texmf-dist/fonts/type1/public/cm-super/sfsi
1095.pfb></usr/share/texmf-dist/fonts/type1/public/cm-super/sfss1095.pfb>
Output written on aegypt.pdf (20 pages, 2261270 bytes).
PDF statistics:
 666 PDF objects out of 1000 (max. 8388607)
 565 compressed objects within 6 object streams
 156 named destinations out of 1000 (max. 500000)
 55151 words of extra memory for PDF output out of 61914 (max. 10000000)

