\BOOKMARK [0][-]{chapter*.2}{\376\377\000I\000n\000t\000r\000o\000d\000u\000c\000t\000i\000o\000n}{}% 1
\BOOKMARK [0][-]{chapter*.3}{\376\377\000A\000u\000t\000h\000o\000r\000'\000s\000\040\000N\000o\000t\000e}{}% 2
\BOOKMARK [0][-]{chapter*.4}{\376\377\000T\000h\000e\000\040\000P\000r\000o\000l\000o\000g\000u\000e\000\040\000o\000n\000\040\000E\000a\000r\000t\000h}{}% 3
\BOOKMARK [0][-]{chapter*.5}{\376\377\000V\000i\000t\000a}{}% 4
\BOOKMARK [1][-]{section*.6}{\376\377\000O\000n\000e}{chapter*.5}% 5
\BOOKMARK [1][-]{section*.7}{\376\377\000T\000w\000o}{chapter*.5}% 6
\BOOKMARK [1][-]{section*.8}{\376\377\000T\000h\000r\000e\000e}{chapter*.5}% 7
\BOOKMARK [1][-]{section*.9}{\376\377\000F\000o\000u\000r}{chapter*.5}% 8
\BOOKMARK [1][-]{section*.10}{\376\377\000F\000i\000v\000e}{chapter*.5}% 9
\BOOKMARK [1][-]{section*.11}{\376\377\000S\000i\000x}{chapter*.5}% 10
\BOOKMARK [1][-]{section*.12}{\376\377\000S\000e\000v\000e\000n}{chapter*.5}% 11
\BOOKMARK [0][-]{chapter*.13}{\376\377\000L\000u\000c\000r\000u\000m}{}% 12
\BOOKMARK [1][-]{section*.14}{\376\377\000O\000n\000e}{chapter*.13}% 13
\BOOKMARK [1][-]{section*.15}{\376\377\000T\000h\000r\000e\000e}{chapter*.13}% 14
\BOOKMARK [1][-]{section*.16}{\376\377\000F\000o\000u\000r}{chapter*.13}% 15
\BOOKMARK [1][-]{section*.17}{\376\377\000F\000i\000v\000e}{chapter*.13}% 16
\BOOKMARK [1][-]{section*.18}{\376\377\000S\000i\000x}{chapter*.13}% 17
\BOOKMARK [1][-]{section*.19}{\376\377\000S\000e\000v\000e\000n}{chapter*.13}% 18
\BOOKMARK [1][-]{section*.20}{\376\377\000E\000i\000g\000h\000t}{chapter*.13}% 19
\BOOKMARK [0][-]{chapter*.21}{\376\377\000F\000r\000a\000t\000r\000e\000s}{}% 20
\BOOKMARK [1][-]{section*.22}{\376\377\000T\000w\000o}{chapter*.21}% 21
\BOOKMARK [1][-]{section*.23}{\376\377\000T\000h\000r\000e\000e}{chapter*.21}% 22
\BOOKMARK [1][-]{section*.24}{\376\377\000F\000o\000u\000r}{chapter*.21}% 23
\BOOKMARK [1][-]{section*.25}{\376\377\000F\000i\000v\000e}{chapter*.21}% 24
\BOOKMARK [1][-]{section*.26}{\376\377\000S\000i\000x}{chapter*.21}% 25
\BOOKMARK [1][-]{section*.27}{\376\377\000S\000e\000v\000e\000n}{chapter*.21}% 26
\BOOKMARK [1][-]{section*.28}{\376\377\000E\000i\000g\000h\000t}{chapter*.21}% 27
\BOOKMARK [1][-]{section*.29}{\376\377\000N\000i\000n\000e}{chapter*.21}% 28
\BOOKMARK [1][-]{section*.30}{\376\377\000T\000e\000n}{chapter*.21}% 29
\BOOKMARK [0][-]{chapter*.32}{\376\377\000C\000o\000l\000o\000p\000h\000o\000n}{}% 30
