This is pdfTeX, Version 3.141592653-2.6-1.40.27 (TeX Live 2026/dev/Arch Linux) (preloaded format=pdflatex 2025.3.31)  24 MAY 2025 21:32
entering extended mode
 restricted \write18 enabled.
 %&-line parsing enabled.
**titlepage.tex
(./titlepage.tex
LaTeX2e <2024-11-01> patch level 2
L3 programming layer <2025-01-18>

! LaTeX Error: Missing \begin{document}.

See the LaTeX manual or LaTeX Companion for explanation.
Type  H <return>  for immediate help.
 ...                                              
                                                  
l.4 \begin{center}
                  
You're in trouble here.  Try typing  <return>  to proceed.
If that doesn't work, type  X <return>  to quit.


Overfull \hbox (20.0pt too wide) in paragraph at lines 4--4
[] 
 []

! Undefined control sequence.
l.6 \nbvspace
             [0.5]
The control sequence at the end of the top line
of your error message was never \def'ed. If you have
misspelled it (e.g., `\hobx'), type `I' and the correct
spelling (e.g., `I\hbox'). Otherwise just continue,
and I'll forget about whatever was undefined.

! Undefined control sequence.
l.7 \Huge
         
The control sequence at the end of the top line
of your error message was never \def'ed. If you have
misspelled it (e.g., `\hobx'), type `I' and the correct
spelling (e.g., `I\hbox'). Otherwise just continue,
and I'll forget about whatever was undefined.

! Undefined control sequence.
l.8 \egothfamily
                
The control sequence at the end of the top line
of your error message was never \def'ed. If you have
misspelled it (e.g., `\hobx'), type `I' and the correct
spelling (e.g., `I\hbox'). Otherwise just continue,
and I'll forget about whatever was undefined.

! Undefined control sequence.
l.9 {\nbtitlestretch
                    \fontsize{42pt}{48pt}\selectfont
The control sequence at the end of the top line
of your error message was never \def'ed. If you have
misspelled it (e.g., `\hobx'), type `I' and the correct
spelling (e.g., `I\hbox'). Otherwise just continue,
and I'll forget about whatever was undefined.


LaTeX Font Warning: Font shape `OT1/cmr/bx/n' in size <42> not available
(Font)              size <24.88> substituted on input line 9.


Overfull \hbox (21.08322pt too wide) in paragraph at lines 6--11
 \OT1/cmr/bx/n/10 [0.5] 
 []


Overfull \hbox (43.23767pt too wide) in paragraph at lines 6--11
 \OT1/cmr/bx/n/24.88 Ae- 
 []


Overfull \hbox (74.018pt too wide) in paragraph at lines 6--11
 \OT1/cmr/bx/n/24.88 gypt's 
 []


Overfull \hbox (33.92204pt too wide) in paragraph at lines 6--11
 \OT1/cmr/bx/n/24.88 Li- 
 []


Overfull \hbox (66.79303pt too wide) in paragraph at lines 6--11
 \OT1/cmr/bx/n/24.88 brary 
 []

! Undefined control sequence.
l.13 \nbvspace
              [1]
The control sequence at the end of the top line
of your error message was never \def'ed. If you have
misspelled it (e.g., `\hobx'), type `I' and the correct
spelling (e.g., `I\hbox'). Otherwise just continue,
and I'll forget about whatever was undefined.


! LaTeX Error: The font size command \normalsize is not defined:
               there is probably something wrong with the class file.

See the LaTeX manual or LaTeX Companion for explanation.
Type  H <return>  for immediate help.
 ...                                              
                                                  
l.14 \normalsize
                
Your command was ignored.
Type  I <command> <return>  to replace it with another command,
or  <return>  to continue without it.


LaTeX Font Warning: Font shape `OT1/cmr/bx/sc' undefined
(Font)              using `OT1/cmr/bx/n' instead on input line 18.


Overfull \hbox (12.13882pt too wide) in paragraph at lines 13--18
 []\OT1/cmr/bx/n/10 [1] 
 []


Overfull \hbox (8.6944pt too wide) in paragraph at lines 13--18
 \OT1/cmr/bx/n/10 A 
 []


Overfull \hbox (21.5971pt too wide) in paragraph at lines 13--18
 \OT1/cmr/bx/n/10 Bib- 
 []


Overfull \hbox (10.22217pt too wide) in paragraph at lines 13--18
 \OT1/cmr/bx/n/10 li- 
 []


Overfull \hbox (15.33325pt too wide) in paragraph at lines 13--18
 \OT1/cmr/bx/n/10 og- 
 []


Overfull \hbox (14.15964pt too wide) in paragraph at lines 13--18
 \OT1/cmr/bx/n/10 ra- 
 []


Overfull \hbox (18.52768pt too wide) in paragraph at lines 13--18
 \OT1/cmr/bx/n/10 phy 
 []


Overfull \hbox (9.26384pt too wide) in paragraph at lines 18--18
 []\OT1/cmr/bx/n/10 of 
 []


Overfull \hbox (24.47209pt too wide) in paragraph at lines 18--18
 \OT1/cmr/bx/n/10 John 
 []


Overfull \hbox (30.61096pt too wide) in paragraph at lines 18--18
 \OT1/cmr/bx/n/10 Crow- 
 []


Overfull \hbox (22.26515pt too wide) in paragraph at lines 18--18
 \OT1/cmr/bx/n/10 ley's 
 []


Overfull \hbox (33.09705pt too wide) in paragraph at lines 18--18
 []\OT1/cmr/bx/n/10 ^^]gypt 
 []


Overfull \hbox (34.1387pt too wide) in paragraph at lines 18--18
 \OT1/cmr/bx/n/10 Tetral- 
 []


Overfull \hbox (17.72908pt too wide) in paragraph at lines 18--18
 \OT1/cmr/bx/n/10 ogy 
 []

! Undefined control sequence.
<recently read> \nbvspace 
                          
l.19 \nbvspace
              [1]
The control sequence at the end of the top line
of your error message was never \def'ed. If you have
misspelled it (e.g., `\hobx'), type `I' and the correct
spelling (e.g., `I\hbox'). Otherwise just continue,
and I'll forget about whatever was undefined.

! Undefined control sequence.
l.20 \small
            BY\\[0.5em]
The control sequence at the end of the top line
of your error message was never \def'ed. If you have
misspelled it (e.g., `\hobx'), type `I' and the correct
spelling (e.g., `I\hbox'). Otherwise just continue,
and I'll forget about whatever was undefined.


Overfull \hbox (12.13882pt too wide) in paragraph at lines 19--20
 []\OT1/cmr/bx/n/10 [1] 
 []


Overfull \hbox (16.87491pt too wide) in paragraph at lines 19--20
 \OT1/cmr/bx/n/10 BY 
 []

! Undefined control sequence.
l.21 \Large
            Brian Murphy\\[0.5em]
The control sequence at the end of the top line
of your error message was never \def'ed. If you have
misspelled it (e.g., `\hobx'), type `I' and the correct
spelling (e.g., `I\hbox'). Otherwise just continue,
and I'll forget about whatever was undefined.


Overfull \hbox (28.09012pt too wide) in paragraph at lines 21--21
 []\OT1/cmr/bx/n/10 Brian 
 []


Overfull \hbox (25.87488pt too wide) in paragraph at lines 21--21
 \OT1/cmr/bx/n/10 Mur- 
 []


Overfull \hbox (18.52768pt too wide) in paragraph at lines 21--21
 \OT1/cmr/bx/n/10 phy 
 []

! Undefined control sequence.
l.22 \nbvspace
              [2]
The control sequence at the end of the top line
of your error message was never \def'ed. If you have
misspelled it (e.g., `\hobx'), type `I' and the correct
spelling (e.g., `I\hbox'). Otherwise just continue,
and I'll forget about whatever was undefined.


Overfull \hbox (12.13882pt too wide) in paragraph at lines 22--24
 []\OT1/cmr/bx/n/10 [2] 
 []


! LaTeX Error: The font size command \normalsize is not defined:
               there is probably something wrong with the class file.

See the LaTeX manual or LaTeX Companion for explanation.
Type  H <return>  for immediate help.
 ...                                              
                                                  
l.27 \normalsize
                 The contents herein are deemed to be under  \\
Your command was ignored.
Type  I <command> <return>  to replace it with another command,
or  <return>  to continue without it.


Overfull \hbox (19.65962pt too wide) in paragraph at lines 27--27
 []\OT1/cmr/bx/n/10 The 
 []


Overfull \hbox (21.08322pt too wide) in paragraph at lines 27--27
 \OT1/cmr/bx/n/10 con- 
 []


Overfull \hbox (24.8207pt too wide) in paragraph at lines 27--27
 \OT1/cmr/bx/n/10 tents 
 []


Overfull \hbox (31.24986pt too wide) in paragraph at lines 27--27
 \OT1/cmr/bx/n/10 herein 
 []


Overfull \hbox (15.59714pt too wide) in paragraph at lines 27--27
 \OT1/cmr/bx/n/10 are 
 []


Overfull \hbox (38.17343pt too wide) in paragraph at lines 27--27
 \OT1/cmr/bx/n/10 deemed 
 []


Overfull \hbox (10.22217pt too wide) in paragraph at lines 27--27
 \OT1/cmr/bx/n/10 to 
 []


Overfull \hbox (11.97911pt too wide) in paragraph at lines 27--27
 \OT1/cmr/bx/n/10 be 
 []


Overfull \hbox (16.61102pt too wide) in paragraph at lines 27--27
 \OT1/cmr/bx/n/10 un- 
 []


Overfull \hbox (16.39577pt too wide) in paragraph at lines 27--27
 \OT1/cmr/bx/n/10 der 
 []


Overfull \hbox (5.59023pt too wide) in paragraph at lines 28--29
 []\OT1/cmr/bx/n/10 a 
 []


Overfull \hbox (22.14574pt too wide) in paragraph at lines 28--29
 \OT1/cmr/bx/n/10 Cre- 
 []


Overfull \hbox (24.27763pt too wide) in paragraph at lines 28--29
 \OT1/cmr/bx/n/10 ative 
 []


Overfull \hbox (27.47208pt too wide) in paragraph at lines 28--29
 \OT1/cmr/bx/n/10 Com- 
 []


Overfull \hbox (26.25818pt too wide) in paragraph at lines 28--29
 \OT1/cmr/bx/n/10 mons 
 []


Overfull \hbox (13.94437pt too wide) in paragraph at lines 28--29
 \OT1/cmr/bx/n/10 Li- 
 []


Overfull \hbox (29.77206pt too wide) in paragraph at lines 28--29
 \OT1/cmr/bx/n/10 cense. 
 []

! Undefined control sequence.
l.30 \nbvspace
              [1]
The control sequence at the end of the top line
of your error message was never \def'ed. If you have
misspelled it (e.g., `\hobx'), type `I' and the correct
spelling (e.g., `I\hbox'). Otherwise just continue,
and I'll forget about whatever was undefined.


Overfull \hbox (12.13882pt too wide) in paragraph at lines 30--31
 []\OT1/cmr/bx/n/10 [1] 
 []

! Undefined control sequence.
l.34 \shadowoffset
                  {1pt}
The control sequence at the end of the top line
of your error message was never \def'ed. If you have
misspelled it (e.g., `\hobx'), type `I' and the correct
spelling (e.g., `I\hbox'). Otherwise just continue,
and I'll forget about whatever was undefined.

! Undefined control sequence.
l.35 \shadowtext
                {%	
The control sequence at the end of the top line
of your error message was never \def'ed. If you have
misspelled it (e.g., `\hobx'), type `I' and the correct
spelling (e.g., `I\hbox'). Otherwise just continue,
and I'll forget about whatever was undefined.

! Undefined control sequence.
l.36 {\color
            {Mahogany}\fontsize{50}{54}\staveLXI}}
The control sequence at the end of the top line
of your error message was never \def'ed. If you have
misspelled it (e.g., `\hobx'), type `I' and the correct
spelling (e.g., `I\hbox'). Otherwise just continue,
and I'll forget about whatever was undefined.

! Undefined control sequence.
l.36 {\color{Mahogany}\fontsize{50}{54}\staveLXI
                                                }}
The control sequence at the end of the top line
of your error message was never \def'ed. If you have
misspelled it (e.g., `\hobx'), type `I' and the correct
spelling (e.g., `I\hbox'). Otherwise just continue,
and I'll forget about whatever was undefined.

! Undefined control sequence.
l.37 \nbvspace
              [1]
The control sequence at the end of the top line
of your error message was never \def'ed. If you have
misspelled it (e.g., `\hobx'), type `I' and the correct
spelling (e.g., `I\hbox'). Otherwise just continue,
and I'll forget about whatever was undefined.


! LaTeX Error: The font size command \normalsize is not defined:
               there is probably something wrong with the class file.

See the LaTeX manual or LaTeX Companion for explanation.
Type  H <return>  for immediate help.
 ...                                              
                                                  
l.38 \normalsize
                
Your command was ignored.
Type  I <command> <return>  to replace it with another command,
or  <return>  to continue without it.


Overfull \hbox (16.61102pt too wide) in paragraph at lines 34--39
 []\OT1/cmr/bx/n/10 1pt 
 []


Overfull \hbox (20.34015pt too wide) in paragraph at lines 34--39
 \OT1/cmr/bx/n/10 Ma- 
 []


Overfull \hbox (35.61784pt too wide) in paragraph at lines 34--39
 \OT1/cmr/bx/n/10 hogany 
 []


Overfull \hbox (12.13882pt too wide) in paragraph at lines 34--39
 \OT1/cmr/bx/n/10 [1] 
 []

! Undefined control sequence.
l.41 \textcopyleft \egothfamily
                                MMXXV\\
The control sequence at the end of the top line
of your error message was never \def'ed. If you have
misspelled it (e.g., `\hobx'), type `I' and the correct
spelling (e.g., `I\hbox'). Otherwise just continue,
and I'll forget about whatever was undefined.


Overfull \hbox (60.69107pt too wide) in paragraph at lines 41--41
 []\TS1/cmr/bx/n/10 «\OT1/cmr/bx/n/10 MMXXV 
 []

! Undefined control sequence.
<recently read> \large 
                       
l.42 \large
           
The control sequence at the end of the top line
of your error message was never \def'ed. If you have
misspelled it (e.g., `\hobx'), type `I' and the correct
spelling (e.g., `I\hbox'). Otherwise just continue,
and I'll forget about whatever was undefined.

LaTeX Font Info:    External font `cmex10' loaded for size
(Font)              <7> on input line 44.
LaTeX Font Info:    External font `cmex10' loaded for size
(Font)              <5> on input line 44.
! Undefined control sequence.
l.45 \nbvspace
              [1]
The control sequence at the end of the top line
of your error message was never \def'ed. If you have
misspelled it (e.g., `\hobx'), type `I' and the correct
spelling (e.g., `I\hbox'). Otherwise just continue,
and I'll forget about whatever was undefined.


Overfull \hbox (40.00812pt too wide) in paragraph at lines 44--46
 []\OT1/cmr/bx/sc/10 Typeset 
 []


Overfull \hbox (22.361pt too wide) in paragraph at lines 44--46
 \OT1/cmr/bx/sc/10 with 
 []


Overfull \hbox (28.72205pt too wide) in paragraph at lines 44--46
 \OT1/cmr/bx/sc/10 L[]T[]X 
 []


Overfull \hbox (12.13882pt too wide) in paragraph at lines 44--46
 \OT1/cmr/bx/sc/10 [1] 
 []

)
! Emergency stop.
<*> titlepage.tex
                 
*** (job aborted, no legal \end found)

 
Here is how much of TeX's memory you used:
 37 strings out of 475171
 660 string characters out of 5767095
 388848 words of memory out of 5000000
 23130 multiletter control sequences out of 15000+600000
 560102 words of font info for 40 fonts, out of 8000000 for 9000
 14 hyphenation exceptions out of 8191
 19i,3n,21p,132b,171s stack positions out of 10000i,1000n,20000p,200000b,200000s
!  ==> Fatal error occurred, no output PDF file produced!
