\BOOKMARK [0][-]{chapter*.2}{\376\377\000I\000n\000t\000r\000o\000d\000u\000c\000t\000i\000o\000n}{}% 1
\BOOKMARK [0][-]{chapter*.3}{\376\377\000P\000r\000e\000f\000a\000c\000e\000\040\000W\000o\000r\000k\000s}{}% 2
\BOOKMARK [1][-]{section*.4}{\376\377\000A\000u\000t\000h\000o\000r\000'\000s\000\040\000N\000o\000t\000e}{chapter*.3}% 3
\BOOKMARK [1][-]{section*.5}{\376\377\000T\000h\000e\000\040\000P\000r\000o\000l\000o\000g\000u\000e\000\040\000o\000n\000\040\000E\000a\000r\000t\000h}{chapter*.3}% 4
\BOOKMARK [0][-]{chapter*.6}{\376\377\000V\000i\000t\000a}{}% 5
\BOOKMARK [1][-]{section*.7}{\376\377\000C\000h\000a\000p\000t\000e\000r\000\040\0001}{chapter*.6}% 6
\BOOKMARK [1][-]{section*.8}{\376\377\000C\000h\000a\000p\000t\000e\000r\000\040\0002}{chapter*.6}% 7
\BOOKMARK [1][-]{section*.9}{\376\377\000C\000h\000a\000p\000t\000e\000r\000\040\0003}{chapter*.6}% 8
\BOOKMARK [2][-]{section*.10}{\376\377\000T\000h\000e\000\040\000S\000o\000l\000i\000t\000u\000d\000e\000s\000\040\000o\000f\000\040\000L\000u\000i\000s\000\040\000G\000\363\000n\000g\000o\000r\000a}{section*.9}% 9
\BOOKMARK [1][-]{section*.11}{\376\377\000C\000h\000a\000p\000t\000e\000r\000\040\0004}{chapter*.6}% 10
\BOOKMARK [1][-]{section*.12}{\376\377\000C\000h\000a\000p\000t\000e\000r\000\040\0005}{chapter*.6}% 11
\BOOKMARK [1][-]{section*.13}{\376\377\000C\000h\000a\000p\000t\000e\000r\000\040\0006}{chapter*.6}% 12
\BOOKMARK [1][-]{section*.14}{\376\377\000C\000h\000a\000p\000t\000e\000r\000\040\0007}{chapter*.6}% 13
\BOOKMARK [0][-]{chapter*.15}{\376\377\000L\000u\000c\000r\000u\000m}{}% 14
\BOOKMARK [1][-]{section*.16}{\376\377\000C\000h\000a\000p\000t\000e\000r\000\040\0001}{chapter*.15}% 15
\BOOKMARK [1][-]{section*.17}{\376\377\000C\000h\000a\000p\000t\000e\000r\000\040\0003}{chapter*.15}% 16
\BOOKMARK [1][-]{section*.18}{\376\377\000C\000h\000a\000p\000t\000e\000r\000\040\0004}{chapter*.15}% 17
\BOOKMARK [1][-]{section*.19}{\376\377\000C\000h\000a\000p\000t\000e\000r\000\040\0005}{chapter*.15}% 18
\BOOKMARK [1][-]{section*.20}{\376\377\000C\000h\000a\000p\000t\000e\000r\000\040\0006}{chapter*.15}% 19
\BOOKMARK [1][-]{section*.21}{\376\377\000C\000h\000a\000p\000t\000e\000r\000\040\0007}{chapter*.15}% 20
\BOOKMARK [1][-]{section*.22}{\376\377\000C\000h\000a\000p\000t\000e\000r\000\040\0008}{chapter*.15}% 21
\BOOKMARK [0][-]{chapter*.23}{\376\377\000F\000r\000a\000t\000r\000e\000s}{}% 22
\BOOKMARK [1][-]{section*.24}{\376\377\000C\000h\000a\000p\000t\000e\000r\000\040\0002}{chapter*.23}% 23
\BOOKMARK [1][-]{section*.25}{\376\377\000C\000h\000a\000p\000t\000e\000r\000\040\0003}{chapter*.23}% 24
\BOOKMARK [1][-]{section*.26}{\376\377\000C\000h\000a\000p\000t\000e\000r\000\040\0004}{chapter*.23}% 25
\BOOKMARK [1][-]{section*.27}{\376\377\000C\000h\000a\000p\000t\000e\000r\000\040\0005}{chapter*.23}% 26
\BOOKMARK [1][-]{section*.28}{\376\377\000C\000h\000a\000p\000t\000e\000r\000\040\0006}{chapter*.23}% 27
\BOOKMARK [1][-]{section*.29}{\376\377\000C\000h\000a\000p\000t\000e\000r\000\040\0007}{chapter*.23}% 28
\BOOKMARK [1][-]{section*.30}{\376\377\000C\000h\000a\000p\000t\000e\000r\000\040\0008}{chapter*.23}% 29
\BOOKMARK [1][-]{section*.31}{\376\377\000C\000h\000a\000p\000t\000e\000r\000\040\0009}{chapter*.23}% 30
\BOOKMARK [1][-]{section*.32}{\376\377\000C\000h\000a\000p\000t\000e\000r\000\040\0001\0000}{chapter*.23}% 31
\BOOKMARK [0][-]{chapter*.33}{\376\377\000B\000i\000b\000l\000i\000o\000g\000r\000a\000p\000h\000y\000\040\000o\000f\000\040\000F\000i\000c\000t\000i\000o\000n\000a\000l\000\040\000B\000o\000o\000k\000s}{}% 32
\BOOKMARK [0][-]{chapter*.34}{\376\377\000B\000i\000b\000l\000i\000o\000g\000r\000a\000p\000h\000y\000\040\000o\000f\000\040\000R\000e\000a\000l\000\040\000B\000o\000o\000k\000s}{}% 33
\BOOKMARK [0][-]{chapter*.34}{\376\377\000I\000n\000d\000e\000x}{}% 34
