This is LuaHBTeX, Version 1.22.0 (TeX Live 2026/dev/Arch Linux)  (format=lualatex 2025.10.23)  27 OCT 2025 16:37
 restricted system commands enabled.
**titlepage.tex
(./titlepage.tex
LaTeX2e <2024-11-01> patch level 2
L3 programming layer <2025-01-18>
Lua module: luaotfload 2024-12-03 v3.29 Lua based OpenType font support
Lua module: lualibs 2023-07-13 v2.76 ConTeXt Lua standard libraries.
Lua module: lualibs-extended 2023-07-13 v2.76 ConTeXt Lua libraries -- extended 
collection.
luaotfload | conf : Root cache directory is "/home/brian/.texlive/texmf-var/luat
ex-cache/generic/names".
luaotfload | init : Loading fontloader "fontloader-2023-12-28.lua" from kpse-res
olved path "/usr/share/texmf-dist/tex/luatex/luaotfload/fontloader-2023-12-28.lu
a".
Lua-only attribute luaotfload@noligature = 1
luaotfload | init : Context OpenType loader version 3.134
Inserting `luaotfload.node_processor' in `pre_linebreak_filter'.
Inserting `luaotfload.node_processor' in `hpack_filter'.
Inserting `luaotfload.glyph_stream' in `glyph_stream_provider'.
Inserting `luaotfload.define_font' in `define_font'.
Lua-only attribute luaotfload_color_attribute = 2
luaotfload | conf : Root cache directory is "/home/brian/.texlive/texmf-var/luat
ex-cache/generic/names".
Inserting `luaotfload.harf.strip_prefix' in `find_opentype_file'.
Inserting `luaotfload.harf.strip_prefix' in `find_truetype_file'.
Removing  `luaotfload.glyph_stream' from `glyph_stream_provider'.
Inserting `luaotfload.harf.glyphstream' in `glyph_stream_provider'.
Inserting `luaotfload.harf.finalize_vlist' in `post_linebreak_filter'.
Inserting `luaotfload.harf.finalize_hlist' in `hpack_filter'.
Inserting `luaotfload.cleanup_files' in `wrapup_run'.
Inserting `luaotfload.harf.finalize_unicode' in `finish_pdffile'.
Inserting `luaotfload.glyphinfo' in `glyph_info'.
Lua-only attribute luaotfload.letterspace_done = 3
Inserting `luaotfload.aux.set_sscale_dimens' in `luaotfload.patch_font'.
Inserting `luaotfload.aux.set_font_index' in `luaotfload.patch_font'.
Inserting `luaotfload.aux.patch_cambria_domh' in `luaotfload.patch_font'.
Inserting `luaotfload.aux.fixup_fontdata' in `luaotfload.patch_font_unsafe'.
Inserting `luaotfload.aux.set_capheight' in `luaotfload.patch_font'.
Inserting `luaotfload.aux.set_xheight' in `luaotfload.patch_font'.
Inserting `luaotfload.rewrite_fontname' in `luaotfload.patch_font'.
Inserting `tracingstacklevels' in `input_level_string'.
! Undefined control sequence.
l.5 \newgeometry
                {top=1cm,bottom=0.2cm,right=1.25in}
The control sequence at the end of the top line
of your error message was never \def'ed. If you have
misspelled it (e.g., `\hobx'), type `I' and the correct
spelling (e.g., `I\hbox'). Otherwise just continue,
and I'll forget about whatever was undefined.


! LaTeX Error: Missing \begin{document}.

See the LaTeX manual or LaTeX Companion for explanation.
Type  H <return>  for immediate help.
 ...                                              
                                                  
l.5 \newgeometry{t
                  op=1cm,bottom=0.2cm,right=1.25in}
You're in trouble here.  Try typing  <return>  to proceed.
If that doesn't work, type  X <return>  to quit.


Overfull \hbox (20.0pt too wide) in paragraph at lines 5--6
[]top=1cm,bottom=0.2cm,right=1.25in 
 []

! Undefined control sequence.
l.8 \includegraphics
                    [width=6in]{cartouche-top.png}
The control sequence at the end of the top line
of your error message was never \def'ed. If you have
misspelled it (e.g., `\hobx'), type `I' and the correct
spelling (e.g., `I\hbox'). Otherwise just continue,
and I'll forget about whatever was undefined.

! Undefined control sequence.
l.9 \nbvspace
             [0.5]
The control sequence at the end of the top line
of your error message was never \def'ed. If you have
misspelled it (e.g., `\hobx'), type `I' and the correct
spelling (e.g., `I\hbox'). Otherwise just continue,
and I'll forget about whatever was undefined.

! Undefined control sequence.
l.10 \Huge
          
The control sequence at the end of the top line
of your error message was never \def'ed. If you have
misspelled it (e.g., `\hobx'), type `I' and the correct
spelling (e.g., `I\hbox'). Otherwise just continue,
and I'll forget about whatever was undefined.

! Undefined control sequence.
l.12 \accanthis
               
The control sequence at the end of the top line
of your error message was never \def'ed. If you have
misspelled it (e.g., `\hobx'), type `I' and the correct
spelling (e.g., `I\hbox'). Otherwise just continue,
and I'll forget about whatever was undefined.

! Undefined control sequence.
l.13 {\nbtitlestretch
                     \fontsize{42pt}{48pt}\selectfont
The control sequence at the end of the top line
of your error message was never \def'ed. If you have
misspelled it (e.g., `\hobx'), type `I' and the correct
spelling (e.g., `I\hbox'). Otherwise just continue,
and I'll forget about whatever was undefined.

luaotfload | db : Font names database loaded from /home/brian/.texlive/texmf-var
/luatex-cache/generic/names/luaotfload-names.luc.gz
Overfull \hbox (136.71pt too wide) in paragraph at lines 8--15
 \TU/lmr/m/n/42 Ægypt’s 
 []


Overfull \hbox (47.376pt too wide) in paragraph at lines 8--15
 \TU/lmr/m/n/42 Li- 
 []


Overfull \hbox (90.846pt too wide) in paragraph at lines 8--15
 \TU/lmr/m/n/42 brary 
 []

! Undefined control sequence.
l.16 \nbvspace
              [1]
The control sequence at the end of the top line
of your error message was never \def'ed. If you have
misspelled it (e.g., `\hobx'), type `I' and the correct
spelling (e.g., `I\hbox'). Otherwise just continue,
and I'll forget about whatever was undefined.


! LaTeX Error: The font size command \normalsize is not defined:
               there is probably something wrong with the class file.

See the LaTeX manual or LaTeX Companion for explanation.
Type  H <return>  for immediate help.
 ...                                              
                                                  
l.17 \normalsize
                
Your command was ignored.
Type  I <command> <return>  to replace it with another command,
or  <return>  to continue without it.

! Undefined control sequence.
<argument> {\color 
                   {Mahogany}A Bibliography}\\ of John Crowley's\\ \textbf {...
l.21 \textbf{{\color{Mahogany}Ægypt Tetralogy}}}
                                                 \\
The control sequence at the end of the top line
of your error message was never \def'ed. If you have
misspelled it (e.g., `\hobx'), type `I' and the correct
spelling (e.g., `I\hbox'). Otherwise just continue,
and I'll forget about whatever was undefined.


Overfull \hbox (19.8pt too wide) in paragraph at lines 16--21
 \TU/lmr/m/sc/10 Ma- 
 []


Overfull \hbox (45.43002pt too wide) in paragraph at lines 16--21
 \TU/lmr/m/sc/10 hoganyA 
 []


Overfull \hbox (20.31001pt too wide) in paragraph at lines 16--21
 \TU/lmr/m/sc/10 Bib- 
 []


Overfull \hbox (11.93001pt too wide) in paragraph at lines 16--21
 \TU/lmr/m/sc/10 li- 
 []


Overfull \hbox (16.55pt too wide) in paragraph at lines 16--21
 \TU/lmr/m/sc/10 og- 
 []


Overfull \hbox (15.93001pt too wide) in paragraph at lines 16--21
 \TU/lmr/m/sc/10 ra- 
 []


Overfull \hbox (17.84001pt too wide) in paragraph at lines 16--21
 \TU/lmr/m/sc/10 phy 
 []


Overfull \hbox (11.72pt too wide) in paragraph at lines 21--21
 []\TU/lmr/m/sc/10 of 
 []


Overfull \hbox (24.29001pt too wide) in paragraph at lines 21--21
 \TU/lmr/m/sc/10 John 
 []


Overfull \hbox (31.94pt too wide) in paragraph at lines 21--21
 \TU/lmr/m/sc/10 Crow- 
 []


Overfull \hbox (24.61002pt too wide) in paragraph at lines 21--21
 \TU/lmr/m/sc/10 ley’s 
 []


LaTeX Font Warning: Font shape `TU/lmr/bx/sc' undefined
(Font)              using `TU/lmr/bx/n' instead on input line 21.

! Undefined control sequence.
<argument> {\color 
                   {Mahogany}Ægypt Tetralogy}
l.21 \textbf{{\color{Mahogany}Ægypt Tetralogy}}}
                                                 \\
The control sequence at the end of the top line
of your error message was never \def'ed. If you have
misspelled it (e.g., `\hobx'), type `I' and the correct
spelling (e.g., `I\hbox'). Otherwise just continue,
and I'll forget about whatever was undefined.


Overfull \hbox (20.34pt too wide) in paragraph at lines 21--21
 []\TU/lmr/bx/n/10 Ma- 
 []


Overfull \hbox (49.87pt too wide) in paragraph at lines 21--21
 \TU/lmr/bx/n/10 hoganyÆ- 
 []


Overfull \hbox (22.68001pt too wide) in paragraph at lines 21--21
 \TU/lmr/bx/n/10 gypt 
 []


Overfull \hbox (34.13pt too wide) in paragraph at lines 21--21
 \TU/lmr/bx/n/10 Tetral- 
 []


Overfull \hbox (17.57pt too wide) in paragraph at lines 21--21
 \TU/lmr/bx/n/10 ogy 
 []

! Undefined control sequence.
<recently read> \nbvspace 
                          
l.22 \nbvspace
              [1]
The control sequence at the end of the top line
of your error message was never \def'ed. If you have
misspelled it (e.g., `\hobx'), type `I' and the correct
spelling (e.g., `I\hbox'). Otherwise just continue,
and I'll forget about whatever was undefined.

! Undefined control sequence.
l.23 \small
            Comprising of\\
The control sequence at the end of the top line
of your error message was never \def'ed. If you have
misspelled it (e.g., `\hobx'), type `I' and the correct
spelling (e.g., `I\hbox'). Otherwise just continue,
and I'll forget about whatever was undefined.


Overfull \hbox (10.56pt too wide) in paragraph at lines 22--23
 []\TU/lmr/m/n/10 [1] 
 []


Overfull \hbox (23.88pt too wide) in paragraph at lines 22--23
 \TU/lmr/m/n/10 Com- 
 []


Overfull \hbox (19.53pt too wide) in paragraph at lines 22--23
 \TU/lmr/m/n/10 pris- 
 []


Overfull \hbox (13.34pt too wide) in paragraph at lines 22--23
 \TU/lmr/m/n/10 ing 
 []


Overfull \hbox (8.06pt too wide) in paragraph at lines 22--23
 \TU/lmr/m/n/10 of 
 []

! Undefined control sequence.
<recently read> \Large 
                       
l.24 \Large
            \textit{{\color{Mahogany}The Solitudes}}\\
The control sequence at the end of the top line
of your error message was never \def'ed. If you have
misspelled it (e.g., `\hobx'), type `I' and the correct
spelling (e.g., `I\hbox'). Otherwise just continue,
and I'll forget about whatever was undefined.

! Undefined control sequence.
<argument> {\color 
                   {Mahogany}The Solitudes}
l.24 ...e \textit{{\color{Mahogany}The Solitudes}}
                                                  \\
The control sequence at the end of the top line
of your error message was never \def'ed. If you have
misspelled it (e.g., `\hobx'), type `I' and the correct
spelling (e.g., `I\hbox'). Otherwise just continue,
and I'll forget about whatever was undefined.


Overfull \hbox (17.66pt too wide) in paragraph at lines 24--24
 []\TU/lmr/m/it/10 Ma- 
 []


Overfull \hbox (46.77002pt too wide) in paragraph at lines 24--24
 \TU/lmr/m/it/10 hoganyThe 
 []


Overfull \hbox (19.94pt too wide) in paragraph at lines 24--24
 \TU/lmr/m/it/10 Soli- 
 []


Overfull \hbox (22.79001pt too wide) in paragraph at lines 24--24
 \TU/lmr/m/it/10 tudes 
 []

! Undefined control sequence.
<recently read> \nbvspace 
                          
l.25 \nbvspace
              [1]
The control sequence at the end of the top line
of your error message was never \def'ed. If you have
misspelled it (e.g., `\hobx'), type `I' and the correct
spelling (e.g., `I\hbox'). Otherwise just continue,
and I'll forget about whatever was undefined.

! Undefined control sequence.
l.26 \small
            BY\\[0.5em]
The control sequence at the end of the top line
of your error message was never \def'ed. If you have
misspelled it (e.g., `\hobx'), type `I' and the correct
spelling (e.g., `I\hbox'). Otherwise just continue,
and I'll forget about whatever was undefined.


Overfull \hbox (10.56pt too wide) in paragraph at lines 25--26
 []\TU/lmr/m/n/10 [1] 
 []


Overfull \hbox (14.58pt too wide) in paragraph at lines 25--26
 \TU/lmr/m/n/10 BY 
 []

! Undefined control sequence.
l.27 \Large
            Brian Murphy\\[0.5em]
The control sequence at the end of the top line
of your error message was never \def'ed. If you have
misspelled it (e.g., `\hobx'), type `I' and the correct
spelling (e.g., `I\hbox'). Otherwise just continue,
and I'll forget about whatever was undefined.


Overfull \hbox (24.34pt too wide) in paragraph at lines 27--27
 []\TU/lmr/m/n/10 Brian 
 []


Overfull \hbox (21.98pt too wide) in paragraph at lines 27--27
 \TU/lmr/m/n/10 Mur- 
 []


Overfull \hbox (16.12pt too wide) in paragraph at lines 27--27
 \TU/lmr/m/n/10 phy 
 []

! Undefined control sequence.
l.30 \shadowoffset
                  {1pt}
The control sequence at the end of the top line
of your error message was never \def'ed. If you have
misspelled it (e.g., `\hobx'), type `I' and the correct
spelling (e.g., `I\hbox'). Otherwise just continue,
and I'll forget about whatever was undefined.


Overfull \hbox (14.45pt too wide) in paragraph at lines 30--34
 []\TU/lmr/m/n/10 1pt 
 []

! Undefined control sequence.
l.36 \definecolor
                 {cfefefe}{RGB}{254,254,254}
The control sequence at the end of the top line
of your error message was never \def'ed. If you have
misspelled it (e.g., `\hobx'), type `I' and the correct
spelling (e.g., `I\hbox'). Otherwise just continue,
and I'll forget about whatever was undefined.

! Undefined control sequence.
l.37 \definecolor
                 {c030303}{RGB}{3,3,3}
The control sequence at the end of the top line
of your error message was never \def'ed. If you have
misspelled it (e.g., `\hobx'), type `I' and the correct
spelling (e.g., `I\hbox'). Otherwise just continue,
and I'll forget about whatever was undefined.

! Undefined control sequence.
l.38 \definecolor
                 {cfafafa}{RGB}{250,250,250}
The control sequence at the end of the top line
of your error message was never \def'ed. If you have
misspelled it (e.g., `\hobx'), type `I' and the correct
spelling (e.g., `I\hbox'). Otherwise just continue,
and I'll forget about whatever was undefined.

! Undefined control sequence.
l.39 \definecolor
                 {cf9f9f9}{RGB}{249,249,249}
The control sequence at the end of the top line
of your error message was never \def'ed. If you have
misspelled it (e.g., `\hobx'), type `I' and the correct
spelling (e.g., `I\hbox'). Otherwise just continue,
and I'll forget about whatever was undefined.

! Undefined control sequence.
l.40 \definecolor
                 {mahogany}{RGB}{169,51,31}
The control sequence at the end of the top line
of your error message was never \def'ed. If you have
misspelled it (e.g., `\hobx'), type `I' and the correct
spelling (e.g., `I\hbox'). Otherwise just continue,
and I'll forget about whatever was undefined.


Overfull \hbox (15.27pt too wide) in paragraph at lines 36--41
 []\TU/lmr/m/n/10 cfe- 
 []


Overfull \hbox (10.83pt too wide) in paragraph at lines 36--41
 \TU/lmr/m/n/10 fe- 
 []


Overfull \hbox (80.07pt too wide) in paragraph at lines 36--41
 \TU/lmr/m/n/10 feRGB254,254,254 
 []


Overfull \hbox (77.01001pt too wide) in paragraph at lines 36--41
 \TU/lmr/m/n/10 c030303RGB3,3,3 
 []


Overfull \hbox (23.89pt too wide) in paragraph at lines 36--41
 \TU/lmr/m/n/10 cfafa- 
 []


Overfull \hbox (80.63pt too wide) in paragraph at lines 36--41
 \TU/lmr/m/n/10 faRGB250,250,250 
 []


Overfull \hbox (101.19pt too wide) in paragraph at lines 36--41
 \TU/lmr/m/n/10 cf9f9f9RGB249,249,249 
 []


Overfull \hbox (16.66pt too wide) in paragraph at lines 36--41
 \TU/lmr/m/n/10 ma- 
 []


Overfull \hbox (93.69pt too wide) in paragraph at lines 36--41
 \TU/lmr/m/n/10 hoganyRGB169,51,31 
 []

! Undefined control sequence.
l.70 \monad
           [0.02]
The control sequence at the end of the top line
of your error message was never \def'ed. If you have
misspelled it (e.g., `\hobx'), type `I' and the correct
spelling (e.g., `I\hbox'). Otherwise just continue,
and I'll forget about whatever was undefined.


Overfull \hbox (23.34pt too wide) in paragraph at lines 70--71
 []\TU/lmr/m/n/10 [0.02] 
 []

! Undefined control sequence.
l.73 \nbvspace
              [0.5]
The control sequence at the end of the top line
of your error message was never \def'ed. If you have
misspelled it (e.g., `\hobx'), type `I' and the correct
spelling (e.g., `I\hbox'). Otherwise just continue,
and I'll forget about whatever was undefined.


Overfull \hbox (18.34pt too wide) in paragraph at lines 73--74
 []\TU/lmr/m/n/10 [0.5] 
 []

! Undefined control sequence.
l.75 \small
            The contents herein are \\
The control sequence at the end of the top line
of your error message was never \def'ed. If you have
misspelled it (e.g., `\hobx'), type `I' and the correct
spelling (e.g., `I\hbox'). Otherwise just continue,
and I'll forget about whatever was undefined.


Overfull \hbox (17.22pt too wide) in paragraph at lines 75--75
 []\TU/lmr/m/n/10 The 
 []


Overfull \hbox (18.33pt too wide) in paragraph at lines 75--75
 \TU/lmr/m/n/10 con- 
 []


Overfull \hbox (21.44pt too wide) in paragraph at lines 75--75
 \TU/lmr/m/n/10 tents 
 []


Overfull \hbox (26.7pt too wide) in paragraph at lines 75--75
 \TU/lmr/m/n/10 herein 
 []


Overfull \hbox (13.36pt too wide) in paragraph at lines 75--75
 \TU/lmr/m/n/10 are 
 []


Overfull \hbox (32.77pt too wide) in paragraph at lines 76--76
 []\TU/lmr/m/n/10 deemed 
 []


Overfull \hbox (8.89pt too wide) in paragraph at lines 76--76
 \TU/lmr/m/n/10 to 
 []


Overfull \hbox (10.28pt too wide) in paragraph at lines 76--76
 \TU/lmr/m/n/10 be 
 []


Overfull \hbox (14.45pt too wide) in paragraph at lines 76--76
 \TU/lmr/m/n/10 un- 
 []


Overfull \hbox (13.92pt too wide) in paragraph at lines 76--76
 \TU/lmr/m/n/10 der 
 []


Overfull \hbox (5.0pt too wide) in paragraph at lines 76--76
 \TU/lmr/m/n/10 a 
 []


Overfull \hbox (18.91pt too wide) in paragraph at lines 77--77
 []\TU/lmr/m/n/10 Cre- 
 []


Overfull \hbox (21.11pt too wide) in paragraph at lines 77--77
 \TU/lmr/m/n/10 ative 
 []


Overfull \hbox (23.88pt too wide) in paragraph at lines 77--77
 \TU/lmr/m/n/10 Com- 
 []


Overfull \hbox (22.83pt too wide) in paragraph at lines 77--77
 \TU/lmr/m/n/10 mons 
 []

! Undefined control sequence.
l.79 \nbvspace
              [1]
The control sequence at the end of the top line
of your error message was never \def'ed. If you have
misspelled it (e.g., `\hobx'), type `I' and the correct
spelling (e.g., `I\hbox'). Otherwise just continue,
and I'll forget about whatever was undefined.


Overfull \hbox (14.44pt too wide) in paragraph at lines 78--80
 []\TU/lmr/m/n/10 At- 
 []


Overfull \hbox (13.92pt too wide) in paragraph at lines 78--80
 \TU/lmr/m/n/10 tri- 
 []


Overfull \hbox (14.45pt too wide) in paragraph at lines 78--80
 \TU/lmr/m/n/10 bu- 
 []


Overfull \hbox (17.23pt too wide) in paragraph at lines 78--80
 \TU/lmr/m/n/10 tion 
 []


Overfull \hbox (27.81pt too wide) in paragraph at lines 78--80
 \TU/lmr/m/n/10 Share- 
 []


Overfull \hbox (22.5pt too wide) in paragraph at lines 78--80
 \TU/lmr/m/n/10 Alike 
 []


Overfull \hbox (12.36pt too wide) in paragraph at lines 78--80
 \TU/lmr/m/n/10 Li- 
 []


Overfull \hbox (25.6pt too wide) in paragraph at lines 78--80
 \TU/lmr/m/n/10 cense. 
 []


Overfull \hbox (10.56pt too wide) in paragraph at lines 78--80
 \TU/lmr/m/n/10 [1] 
 []

! Undefined control sequence.
l.81 \egothfamily
                  MMXXV\\
The control sequence at the end of the top line
of your error message was never \def'ed. If you have
misspelled it (e.g., `\hobx'), type `I' and the correct
spelling (e.g., `I\hbox'). Otherwise just continue,
and I'll forget about whatever was undefined.


Overfull \hbox (40.84pt too wide) in paragraph at lines 81--81
 []\TU/lmr/m/n/10 MMXXV 
 []

! Undefined control sequence.
<recently read> \ccbysa 
                        
l.82 \ccbysa
             \\
The control sequence at the end of the top line
of your error message was never \def'ed. If you have
misspelled it (e.g., `\hobx'), type `I' and the correct
spelling (e.g., `I\hbox'). Otherwise just continue,
and I'll forget about whatever was undefined.


! LaTeX Error: There's no line here to end.

See the LaTeX manual or LaTeX Companion for explanation.
Type  H <return>  for immediate help.
 ...                                              
                                                  
l.82 \ccbysa \\
               
Your command was ignored.
Type  I <command> <return>  to replace it with another command,
or  <return>  to continue without it.

! Undefined control sequence.
<recently read> \large 
                       
l.83 \large
           
The control sequence at the end of the top line
of your error message was never \def'ed. If you have
misspelled it (e.g., `\hobx'), type `I' and the correct
spelling (e.g., `I\hbox'). Otherwise just continue,
and I'll forget about whatever was undefined.

! Undefined control sequence.
l.85 \nbvspace
              [1]
The control sequence at the end of the top line
of your error message was never \def'ed. If you have
misspelled it (e.g., `\hobx'), type `I' and the correct
spelling (e.g., `I\hbox'). Otherwise just continue,
and I'll forget about whatever was undefined.

! Undefined control sequence.
l.86 {\color
            {Mahogany}\textsc{Typeset with} \LaTeX{} \& \hologo{BibTeX}}
The control sequence at the end of the top line
of your error message was never \def'ed. If you have
misspelled it (e.g., `\hobx'), type `I' and the correct
spelling (e.g., `I\hbox'). Otherwise just continue,
and I'll forget about whatever was undefined.

LaTeX Font Info:    External font `cmex10' loaded for size
(Font)              <7> on input line 86.
LaTeX Font Info:    External font `cmex10' loaded for size
(Font)              <5> on input line 86.
! Undefined control sequence.
l.86 ...}\textsc{Typeset with} \LaTeX{} \& \hologo
                                                  {BibTeX}}
The control sequence at the end of the top line
of your error message was never \def'ed. If you have
misspelled it (e.g., `\hobx'), type `I' and the correct
spelling (e.g., `I\hbox'). Otherwise just continue,
and I'll forget about whatever was undefined.

! Undefined control sequence.
l.87 \nbvspace
              [0.5]
The control sequence at the end of the top line
of your error message was never \def'ed. If you have
misspelled it (e.g., `\hobx'), type `I' and the correct
spelling (e.g., `I\hbox'). Otherwise just continue,
and I'll forget about whatever was undefined.

! Undefined control sequence.
l.88 \includegraphics
                     [width=6in]{cartouche-bottom.png}
The control sequence at the end of the top line
of your error message was never \def'ed. If you have
misspelled it (e.g., `\hobx'), type `I' and the correct
spelling (e.g., `I\hbox'). Otherwise just continue,
and I'll forget about whatever was undefined.

! Undefined control sequence.
l.89 \nbvspace
              [0.5]
The control sequence at the end of the top line
of your error message was never \def'ed. If you have
misspelled it (e.g., `\hobx'), type `I' and the correct
spelling (e.g., `I\hbox'). Otherwise just continue,
and I'll forget about whatever was undefined.


Overfull \hbox (10.56pt too wide) in paragraph at lines 85--90
 []\TU/lmr/m/n/10 [1] 
 []


Overfull \hbox (17.5pt too wide) in paragraph at lines 85--90
 \TU/lmr/m/n/10 Ma- 
 []


Overfull \hbox (72.34001pt too wide) in paragraph at lines 85--90
 \TU/lmr/m/n/10 hogany\TU/lmr/m/sc/10 Typeset 
 []


Overfull \hbox (23.42001pt too wide) in paragraph at lines 85--90
 \TU/lmr/m/sc/10 with 
 []


Overfull \hbox (25.66403pt too wide) in paragraph at lines 85--90
 \TU/lmr/m/n/10 L[]T[]X 
 []


Overfull \hbox (7.78pt too wide) in paragraph at lines 85--90
 \TU/lmr/m/n/10 & 
 []


Overfull \hbox (18.75pt too wide) in paragraph at lines 85--90
 \TU/lmr/m/n/10 Bib- 
 []


Overfull \hbox (18.33pt too wide) in paragraph at lines 85--90
 \TU/lmr/m/n/10 TeX 
 []


Overfull \hbox (18.34pt too wide) in paragraph at lines 85--90
 \TU/lmr/m/n/10 [0.5] 
 []


Overfull \hbox (96.98999pt too wide) in paragraph at lines 85--90
 \TU/lmr/m/n/10 [width=6in]cartouche- 
 []


Overfull \hbox (50.84999pt too wide) in paragraph at lines 85--90
 \TU/lmr/m/n/10 bottom.png 
 []


Overfull \hbox (18.34pt too wide) in paragraph at lines 85--90
 \TU/lmr/m/n/10 [0.5] 
 []

! Undefined control sequence.
l.91 \restoregeometry
                     
The control sequence at the end of the top line
of your error message was never \def'ed. If you have
misspelled it (e.g., `\hobx'), type `I' and the correct
spelling (e.g., `I\hbox'). Otherwise just continue,
and I'll forget about whatever was undefined.

)
! Emergency stop.
<*> titlepage.tex
                 
*** (job aborted, no legal \end found)



Here is how much of LuaTeX's memory you used:
 37 strings out of 475506
 100000,552014 words of node,token memory allocated 8302 words of node memory still in use:
   108 hlist, 1 vlist, 32 disc, 19 local_par, 1 dir, 333 glue, 32 kern, 67 penal
ty, 499 glyph, 101 attribute, 39 glue_spec, 101 attribute_list nodes
   avail lists: 2:4,4:5,5:11,7:11,9:2,10:4
 23163 multiletter control sequences out of 65536+600000
 30 fonts using 2002375 bytes
 19i,3n,21p,10924b,223s stack positions out of 10000i,1000n,20000p,200000b,200000s
!  ==> Fatal error occurred, no output PDF file produced!
