\BOOKMARK [0][-]{chapter*.2}{\376\377\000I\000n\000t\000r\000o\000d\000u\000c\000t\000i\000o\000n}{}% 1
\BOOKMARK [0][-]{chapter*.3}{\376\377\000P\000r\000e\000f\000a\000c\000e\000\040\000I\000n\000f\000o}{}% 2
\BOOKMARK [1][-]{section*.4}{\376\377\000T\000o\000\040\000t\000h\000e\000\040\000R\000e\000a\000d\000e\000r}{chapter*.3}% 3
\BOOKMARK [1][-]{section*.5}{\376\377\000P\000r\000o\000l\000o\000g\000u\000e}{chapter*.3}% 4
\BOOKMARK [0][-]{chapter*.6}{\376\377\000P\000a\000r\000t\000\040\000O\000n\000e\000\040\040\023\000\040\000G\000e\000n\000i\000t\000o\000r}{}% 5
\BOOKMARK [1][-]{section*.7}{\376\377\000C\000h\000a\000p\000t\000e\000r\000\040\000O\000n\000e}{chapter*.6}% 6
\BOOKMARK [1][-]{section*.8}{\376\377\000C\000h\000a\000p\000t\000e\000r\000\040\000T\000w\000o}{chapter*.6}% 7
\BOOKMARK [1][-]{section*.9}{\376\377\000C\000h\000a\000p\000t\000e\000r\000\040\000T\000h\000r\000e\000e}{chapter*.6}% 8
\BOOKMARK [1][-]{section*.10}{\376\377\000C\000h\000a\000p\000t\000e\000r\000\040\000F\000o\000u\000r}{chapter*.6}% 9
\BOOKMARK [1][-]{section*.11}{\376\377\000C\000h\000a\000p\000t\000e\000r\000\040\000F\000i\000v\000e}{chapter*.6}% 10
\BOOKMARK [1][-]{section*.12}{\376\377\000C\000h\000a\000p\000t\000e\000r\000\040\000S\000i\000x}{chapter*.6}% 11
\BOOKMARK [1][-]{section*.13}{\376\377\000C\000h\000a\000p\000t\000e\000r\000\040\000T\000h\000i\000r\000t\000e\000e\000n}{chapter*.6}% 12
\BOOKMARK [1][-]{section*.14}{\376\377\000C\000h\000a\000p\000t\000e\000r\000\040\000F\000o\000u\000r\000t\000e\000e\000n}{chapter*.6}% 13
\BOOKMARK [1][-]{section*.15}{\376\377\000C\000h\000a\000p\000t\000e\000r\000\040\000F\000i\000f\000t\000e\000e\000n}{chapter*.6}% 14
\BOOKMARK [0][-]{chapter*.16}{\376\377\000P\000a\000r\000t\000\040\000T\000w\000o\000\040\040\023\000\040\000N\000a\000t\000i}{}% 15
\BOOKMARK [1][-]{section*.17}{\376\377\000C\000h\000a\000p\000t\000e\000r\000\040\000O\000n\000e}{chapter*.16}% 16
\BOOKMARK [1][-]{section*.18}{\376\377\000C\000h\000a\000p\000t\000e\000r\000\040\000T\000h\000r\000e\000e}{chapter*.16}% 17
\BOOKMARK [1][-]{section*.19}{\376\377\000C\000h\000a\000p\000t\000e\000r\000\040\000F\000o\000u\000r}{chapter*.16}% 18
\BOOKMARK [1][-]{section*.20}{\376\377\000C\000h\000a\000p\000t\000e\000r\000\040\000F\000i\000v\000e}{chapter*.16}% 19
\BOOKMARK [1][-]{section*.21}{\376\377\000C\000h\000a\000p\000t\000e\000r\000\040\000S\000i\000x}{chapter*.16}% 20
\BOOKMARK [1][-]{section*.22}{\376\377\000C\000h\000a\000p\000t\000e\000r\000\040\000S\000e\000v\000e\000n}{chapter*.16}% 21
\BOOKMARK [1][-]{section*.23}{\376\377\000C\000h\000a\000p\000t\000e\000r\000\040\000E\000i\000g\000h\000t}{chapter*.16}% 22
\BOOKMARK [1][-]{section*.24}{\376\377\000C\000h\000a\000p\000t\000e\000r\000\040\000N\000i\000n\000e}{chapter*.16}% 23
\BOOKMARK [1][-]{section*.25}{\376\377\000C\000h\000a\000p\000t\000e\000r\000\040\000T\000e\000n}{chapter*.16}% 24
\BOOKMARK [1][-]{section*.26}{\376\377\000C\000h\000a\000p\000t\000e\000r\000\040\000E\000l\000e\000v\000e\000n}{chapter*.16}% 25
\BOOKMARK [1][-]{section*.27}{\376\377\000C\000h\000a\000p\000t\000e\000r\000\040\000T\000w\000e\000l\000v\000e}{chapter*.16}% 26
\BOOKMARK [1][-]{section*.28}{\376\377\000C\000h\000a\000p\000t\000e\000r\000\040\000T\000h\000i\000r\000t\000e\000e\000n}{chapter*.16}% 27
\BOOKMARK [1][-]{section*.29}{\376\377\000C\000h\000a\000p\000t\000e\000r\000\040\000F\000o\000u\000r\000t\000e\000e\000n}{chapter*.16}% 28
\BOOKMARK [0][-]{chapter*.30}{\376\377\000P\000a\000r\000t\000\040\000T\000h\000r\000e\000e\000\040\040\023\000\040\000V\000a\000l\000e\000t\000u\000d\000o}{}% 29
\BOOKMARK [1][-]{section*.31}{\376\377\000C\000h\000a\000p\000t\000e\000r\000\040\000O\000n\000e}{chapter*.30}% 30
\BOOKMARK [1][-]{section*.32}{\376\377\000C\000h\000a\000p\000t\000e\000r\000\040\000T\000w\000o}{chapter*.30}% 31
\BOOKMARK [1][-]{section*.33}{\376\377\000C\000h\000a\000p\000t\000e\000r\000\040\000T\000h\000r\000e\000e}{chapter*.30}% 32
\BOOKMARK [1][-]{section*.34}{\376\377\000C\000h\000a\000p\000t\000e\000r\000\040\000F\000o\000u\000r}{chapter*.30}% 33
\BOOKMARK [1][-]{section*.35}{\376\377\000C\000h\000a\000p\000t\000e\000r\000\040\000S\000i\000x}{chapter*.30}% 34
\BOOKMARK [1][-]{section*.36}{\376\377\000C\000h\000a\000p\000t\000e\000r\000\040\000S\000e\000v\000e\000n}{chapter*.30}% 35
\BOOKMARK [1][-]{section*.37}{\376\377\000C\000h\000a\000p\000t\000e\000r\000\040\000E\000i\000g\000h\000t}{chapter*.30}% 36
\BOOKMARK [1][-]{section*.38}{\376\377\000C\000h\000a\000p\000t\000e\000r\000\040\000N\000i\000n\000e}{chapter*.30}% 37
\BOOKMARK [0][-]{chapter*.39}{\376\377\000B\000i\000b\000l\000i\000o\000g\000r\000a\000p\000h\000y\000\040\000o\000f\000\040\000F\000i\000c\000t\000i\000o\000n\000a\000l\000\040\000B\000o\000o\000k\000s}{}% 38
\BOOKMARK [0][-]{chapter*.40}{\376\377\000B\000i\000b\000l\000i\000o\000g\000r\000a\000p\000h\000y\000\040\000o\000f\000\040\000R\000e\000a\000l\000\040\000B\000o\000o\000k\000s}{}% 39
