\BOOKMARK [0][-]{chapter*.2}{\376\377\000M\000a\000h\000o\000g\000a\000n\000y\000I\000n\000t\000r\000o\000d\000u\000c\000t\000i\000o\000n}{}% 1
\BOOKMARK [0][-]{chapter*.3}{\376\377\000P\000a\000r\000t\000\040\000T\000e\000n\000\040\040\023\000\040\000R\000e\000g\000n\000u\000m}{}% 2
\BOOKMARK [1][-]{section*.4}{\376\377\000C\000h\000a\000p\000t\000e\000r\000\040\0001}{chapter*.3}% 3
\BOOKMARK [1][-]{section*.5}{\376\377\000C\000h\000a\000p\000t\000e\000r\000\040\0002}{chapter*.3}% 4
\BOOKMARK [1][-]{section*.6}{\376\377\000C\000h\000a\000p\000t\000e\000r\000\040\0003}{chapter*.3}% 5
\BOOKMARK [1][-]{section*.7}{\376\377\000C\000h\000a\000p\000t\000e\000r\000\040\0004}{chapter*.3}% 6
\BOOKMARK [1][-]{section*.8}{\376\377\000C\000h\000a\000p\000t\000e\000r\000\040\0005}{chapter*.3}% 7
\BOOKMARK [1][-]{section*.9}{\376\377\000C\000h\000a\000p\000t\000e\000r\000\040\0006}{chapter*.3}% 8
\BOOKMARK [1][-]{section*.10}{\376\377\000C\000h\000a\000p\000t\000e\000r\000\040\0007}{chapter*.3}% 9
\BOOKMARK [1][-]{section*.11}{\376\377\000C\000h\000a\000p\000t\000e\000r\000\040\0008}{chapter*.3}% 10
\BOOKMARK [1][-]{section*.12}{\376\377\000C\000h\000a\000p\000t\000e\000r\000\040\0009}{chapter*.3}% 11
\BOOKMARK [1][-]{section*.13}{\376\377\000C\000h\000a\000p\000t\000e\000r\000\040\0001\0000}{chapter*.3}% 12
\BOOKMARK [0][-]{chapter*.14}{\376\377\000P\000a\000r\000t\000\040\000E\000l\000e\000v\000e\000n\000\040\040\023\000\040\000B\000e\000n\000e\000f\000a\000c\000t\000a}{}% 13
\BOOKMARK [1][-]{section*.15}{\376\377\000C\000h\000a\000p\000t\000e\000r\000\040\0001}{chapter*.14}% 14
\BOOKMARK [1][-]{section*.16}{\376\377\000C\000h\000a\000p\000t\000e\000r\000\040\0002}{chapter*.14}% 15
\BOOKMARK [1][-]{section*.17}{\376\377\000C\000h\000a\000p\000t\000e\000r\000\040\0003}{chapter*.14}% 16
\BOOKMARK [1][-]{section*.19}{\376\377\000C\000h\000a\000p\000t\000e\000r\000\040\0004}{chapter*.14}% 17
\BOOKMARK [1][-]{section*.20}{\376\377\000C\000h\000a\000p\000t\000e\000r\000\040\0005}{chapter*.14}% 18
\BOOKMARK [1][-]{section*.21}{\376\377\000C\000h\000a\000p\000t\000e\000r\000\040\0006}{chapter*.14}% 19
\BOOKMARK [1][-]{section*.22}{\376\377\000C\000h\000a\000p\000t\000e\000r\000\040\0007}{chapter*.14}% 20
\BOOKMARK [1][-]{section*.23}{\376\377\000C\000h\000a\000p\000t\000e\000r\000\040\0008}{chapter*.14}% 21
\BOOKMARK [0][-]{chapter*.24}{\376\377\000P\000a\000r\000t\000\040\0001\0002\000\040\040\023\000\040\000C\000a\000r\000c\000e\000r}{}% 22
\BOOKMARK [1][-]{section*.25}{\376\377\000C\000h\000a\000p\000t\000e\000r\000\040\0001}{chapter*.24}% 23
\BOOKMARK [1][-]{section*.26}{\376\377\000C\000h\000a\000p\000t\000e\000r\000\040\0002}{chapter*.24}% 24
\BOOKMARK [1][-]{section*.28}{\376\377\000C\000h\000a\000p\000t\000e\000r\000\040\0004}{chapter*.24}% 25
\BOOKMARK [1][-]{section*.29}{\376\377\000C\000h\000a\000p\000t\000e\000r\000\040\0005}{chapter*.24}% 26
\BOOKMARK [1][-]{section*.30}{\376\377\000C\000h\000a\000p\000t\000e\000r\000\040\0006}{chapter*.24}% 27
\BOOKMARK [1][-]{section*.31}{\376\377\000C\000h\000a\000p\000t\000e\000r\000\040\0007}{chapter*.24}% 28
\BOOKMARK [1][-]{section*.32}{\376\377\000C\000h\000a\000p\000t\000e\000r\000\040\0008}{chapter*.24}% 29
\BOOKMARK [1][-]{section*.33}{\376\377\000C\000h\000a\000p\000t\000e\000r\000\040\0009}{chapter*.24}% 30
\BOOKMARK [1][-]{section*.34}{\376\377\000C\000h\000a\000p\000t\000e\000r\000\040\0001\0000}{chapter*.24}% 31
\BOOKMARK [1][-]{section*.35}{\376\377\000C\000h\000a\000p\000t\000e\000r\000\040\0001\0001}{chapter*.24}% 32
\BOOKMARK [1][-]{section*.36}{\376\377\000C\000h\000a\000p\000t\000e\000r\000\040\0001\0002}{chapter*.24}% 33
\BOOKMARK [0][-]{chapter*.37}{\376\377\000M\000a\000h\000o\000g\000a\000n\000y\000E\000n\000d\000\040\000W\000o\000r\000k\000s}{}% 34
\BOOKMARK [1][-]{section*.38}{\376\377\000L\000a\000s\000t\000\040\000A\000u\000t\000h\000o\000r\000'\000s\000\040\000N\000o\000t\000e}{chapter*.37}% 35
\BOOKMARK [0][-]{chapter*.39}{\376\377\000B\000i\000b\000l\000i\000o\000g\000r\000a\000p\000h\000y\000\040\000o\000f\000\040\000F\000i\000c\000t\000i\000o\000n\000a\000l\000\040\000B\000o\000o\000k\000s}{}% 36
\BOOKMARK [0][-]{chapter*.40}{\376\377\000B\000i\000b\000l\000i\000o\000g\000r\000a\000p\000h\000y\000\040\000o\000f\000\040\000R\000e\000a\000l\000\040\000B\000o\000o\000k\000s}{}% 37
\BOOKMARK [0][-]{chapter*.40}{\376\377\000I\000n\000d\000e\000x}{}% 38
